โ Arabic text utilities loaded!
   - Punctuation marks defined: 9
   - Diacritics defined: 8
   - Stopwords defined: 63
======================================================================
๐ฆ DATASET OVERVIEW
======================================================================

๐ Dataset Path: ../SSAC-UNPC

๐ Number of Files: 79

๐พ Total Dataset Size:
   โข 3,494,906,834 bytes
   โข 3.25 GB

โ๏ธ  WARNING: Dataset exceeds 1 GB
   The dataset cannot be loaded entirely into memory.
   All subsequent analyses must use streaming/iterative processing.

๐ Sample Files:
----------------------------------------------------------------------
  โข UNPC_Sentences_1.txt โ 41.30 MB
  โข UNPC_Sentences_10.txt โ 40.33 MB
  โข UNPC_Sentences_11.txt โ 42.50 MB
  โข UNPC_Sentences_12.txt โ 41.83 MB
  โข UNPC_Sentences_13.txt โ 41.93 MB

======================================================================
======================================================================
๐ BASIC DATASET CONTENT EXPLORATION
======================================================================

๐ Sampling first 10 sentences from dataset stream
----------------------------------------------------------------------

๐ Sentence 1:
   Text: ูฃ - ูุนููุง ุจุทูุจ ุงูุฌูุนูุฉ ุงูุนุงูุฉ ุงููุงุฑุฏ ูู ุงูููุฑุฉ ูฅ ูู ุงููุฑุงุฑ ุงููุฐููุฑ ุงุนูุงูุ ูุฌู ุงูุงููู ุงูุนุงู ุฑุณุงูุฉ ูุนู...
   Length: 254 characters
   Words: 41 words

๐ Sentence 2:
   Text: )ูก( ุงููุซุงุฆู ุงูุฑุณููุฉ ููุฌูุนูุฉ ุงูุนุงูุฉุ ุงูุฏูุฑุฉ ุงูุณุงุจุนุฉ ูุงูุงุฑุจุนููุ ุงูููุญู ุฑูู ูกู (A/47/10)ุ ุงููุฑูู.
   Length: 94 characters
   Words: 13 words

๐ Sentence 3:
   Text: )ูข( ูุชุฑุฏ ุงูุถุง ุงูุงุดุงุฑุงุช ุงูู ูุณุงูุฉ ุงูุดุงุก ูุถุงุก ุฌูุงุฆู ุฏููู ูู ุงููุซููุฉ A/CN.
   Length: 71 characters
   Words: 13 words

๐ Sentence 4:
   Text: 4/488 ู Add.
   Length: 12 characters
   Words: 3 words

๐ Sentence 5:
   Text: 1ุ ุงููุณุชูุณุฎ ูููุง ุงูุชุนูููุงุช ูุงูููุงุญุธุงุช ุงูููุฏูุฉ ูู ุงูุญูููุงุช ุจุดุงู ูุดุฑูุน ูุฏููุฉ ุงูุฌุฑุงุฆู ุงููุฎูุฉ ุจุณูู ุงูุงูุณ...
   Length: 174 characters
   Words: 25 words

๐ Sentence 6:
   Text: ูก - ุชูุฏู ุงุณุชุฑุงููุง ุงูุชุนูููุงุช ุงูุชุงููุฉ ุนูู ุชูุฑูุฑ ุงููุฑูู ุงูุนุงูู ุงููุนูู ุจูุณุงูุฉ ุงูุดุงุก ูุถุงุก ุฌูุงุฆู ุฏูููุ ููุช...
   Length: 158 characters
   Words: 26 words

๐ Sentence 7:
   Text: ูข - ุชุคูุฏ ุงุณุชุฑุงููุง ููุญ ููุงูุฉ ููุฌูุฉ ุงููุงููู ุงูุฏููู ุชุฎูููุง ุงุนุฏุงุฏ ูุดุฑูุน ูุธุงู ุงุณุงุณู ููุญููุฉ ุฌูุงุฆูุฉ ุฏูููุฉ.
   Length: 99 characters
   Words: 17 words

๐ Sentence 8:
   Text: ูุชุนุฑุจ ุงุณุชุฑุงููุง ุนู ุงูููุง ูู ุงู ุชุณุงุนุฏ ุชุนูููุงุชูุง ูุฌูุฉ ุงููุงููู ุงูุฏููู ูู ูุฐู ุงููููุฉ.
   Length: 80 characters
   Words: 14 words

๐ Sentence 9:
   Text: ูุชุชูุณู ุงุณุชุฑุงููุง ุจูููููุง ูู ูุดุฑูุน ุงููุธุงู ุงูุงุณุงุณูุ ูููุงุฏู ุงู ุชุชููู ุงุนุฏุงุฏู ูู ููุงูุฉ ุงูุงูุฑ ูุฌูุฉ ุงููุงููู ...
   Length: 107 characters
   Words: 17 words

๐ Sentence 10:
   Text: - ูุตู ุงููุธุงู ุงูุงุณุงุณู ูููุญููุฉ ุงูุฌูุงุฆูุฉ ุงูุฏูููุฉ ุงููุฑุชุงุฉ ุนู ูุฏููุฉ ุงูุฌุฑุงุฆู ุงููุฎูุฉ ุจุณูู ุงูุงูุณุงููุฉ ูุงูููุงุ...
   Length: 408 characters
   Words: 67 words

======================================================================
======================================================================
๐ LINE COUNT AND BASIC STATISTICS
======================================================================

โณ Counting lines... (streaming mode)
โ Arabic text utilities loaded!
   - Punctuation marks defined: 9
   - Diacritics defined: 8
   - Stopwords defined: 63
======================================================================
๐ฆ DATASET OVERVIEW
======================================================================

๐ Dataset Path: ../SSAC-UNPC

๐ Number of Files: 79

๐พ Total Dataset Size:
   โข 3,494,906,834 bytes
   โข 3.25 GB

โ๏ธ  WARNING: Dataset exceeds 1 GB
   The dataset cannot be loaded entirely into memory.
   All subsequent analyses must use streaming/iterative processing.

๐ Sample Files:
----------------------------------------------------------------------
  โข UNPC_Sentences_1.txt โ 41.30 MB
  โข UNPC_Sentences_10.txt โ 40.33 MB
  โข UNPC_Sentences_11.txt โ 42.50 MB
  โข UNPC_Sentences_12.txt โ 41.83 MB
  โข UNPC_Sentences_13.txt โ 41.93 MB

======================================================================
======================================================================
๐ BASIC DATASET CONTENT EXPLORATION
======================================================================

๐ Sampling first 10 sentences from dataset stream
----------------------------------------------------------------------

๐ Sentence 1:
   Text: ูฃ - ูุนููุง ุจุทูุจ ุงูุฌูุนูุฉ ุงูุนุงูุฉ ุงููุงุฑุฏ ูู ุงูููุฑุฉ ูฅ ูู ุงููุฑุงุฑ ุงููุฐููุฑ ุงุนูุงูุ ูุฌู ุงูุงููู ุงูุนุงู ุฑุณุงูุฉ ูุนู...
   Length: 254 characters
   Words: 41 words

๐ Sentence 2:
   Text: )ูก( ุงููุซุงุฆู ุงูุฑุณููุฉ ููุฌูุนูุฉ ุงูุนุงูุฉุ ุงูุฏูุฑุฉ ุงูุณุงุจุนุฉ ูุงูุงุฑุจุนููุ ุงูููุญู ุฑูู ูกู (A/47/10)ุ ุงููุฑูู.
   Length: 94 characters
   Words: 13 words

๐ Sentence 3:
   Text: )ูข( ูุชุฑุฏ ุงูุถุง ุงูุงุดุงุฑุงุช ุงูู ูุณุงูุฉ ุงูุดุงุก ูุถุงุก ุฌูุงุฆู ุฏููู ูู ุงููุซููุฉ A/CN.
   Length: 71 characters
   Words: 13 words

๐ Sentence 4:
   Text: 4/488 ู Add.
   Length: 12 characters
   Words: 3 words

๐ Sentence 5:
   Text: 1ุ ุงููุณุชูุณุฎ ูููุง ุงูุชุนูููุงุช ูุงูููุงุญุธุงุช ุงูููุฏูุฉ ูู ุงูุญูููุงุช ุจุดุงู ูุดุฑูุน ูุฏููุฉ ุงูุฌุฑุงุฆู ุงููุฎูุฉ ุจุณูู ุงูุงูุณ...
   Length: 174 characters
   Words: 25 words

๐ Sentence 6:
   Text: ูก - ุชูุฏู ุงุณุชุฑุงููุง ุงูุชุนูููุงุช ุงูุชุงููุฉ ุนูู ุชูุฑูุฑ ุงููุฑูู ุงูุนุงูู ุงููุนูู ุจูุณุงูุฉ ุงูุดุงุก ูุถุงุก ุฌูุงุฆู ุฏูููุ ููุช...
   Length: 158 characters
   Words: 26 words

๐ Sentence 7:
   Text: ูข - ุชุคูุฏ ุงุณุชุฑุงููุง ููุญ ููุงูุฉ ููุฌูุฉ ุงููุงููู ุงูุฏููู ุชุฎูููุง ุงุนุฏุงุฏ ูุดุฑูุน ูุธุงู ุงุณุงุณู ููุญููุฉ ุฌูุงุฆูุฉ ุฏูููุฉ.
   Length: 99 characters
   Words: 17 words

๐ Sentence 8:
   Text: ูุชุนุฑุจ ุงุณุชุฑุงููุง ุนู ุงูููุง ูู ุงู ุชุณุงุนุฏ ุชุนูููุงุชูุง ูุฌูุฉ ุงููุงููู ุงูุฏููู ูู ูุฐู ุงููููุฉ.
   Length: 80 characters
   Words: 14 words

๐ Sentence 9:
   Text: ูุชุชูุณู ุงุณุชุฑุงููุง ุจูููููุง ูู ูุดุฑูุน ุงููุธุงู ุงูุงุณุงุณูุ ูููุงุฏู ุงู ุชุชููู ุงุนุฏุงุฏู ูู ููุงูุฉ ุงูุงูุฑ ูุฌูุฉ ุงููุงููู ...
   Length: 107 characters
   Words: 17 words

๐ Sentence 10:
   Text: - ูุตู ุงููุธุงู ุงูุงุณุงุณู ูููุญููุฉ ุงูุฌูุงุฆูุฉ ุงูุฏูููุฉ ุงููุฑุชุงุฉ ุนู ูุฏููุฉ ุงูุฌุฑุงุฆู ุงููุฎูุฉ ุจุณูู ุงูุงูุณุงููุฉ ูุงูููุงุ...
   Length: 408 characters
   Words: 67 words

======================================================================
======================================================================
๐ LINE COUNT AND BASIC STATISTICS
======================================================================

โณ Counting lines... (streaming mode)

----------------------------------------------------------------------
๐ RESULTS:
----------------------------------------------------------------------

๐ Line Counts:
   โข Total lines:     11,731,360
   โข Non-empty lines: 11,731,359
   โข Empty lines:     1 (0.00%)

๐ Size Statistics:
   โข Total characters: 1,912,920,209
   โข Total words:      309,471,110

๐ Averages:
   โข Avg characters/line: 163.06
   โข Avg words/line:      26.38

๐ Line Length Range:
   โข Minimum: 1 characters
   โข Maximum: 104538 characters

๐ Comparison with Paper Claims:
   โข Paper claims: ~11,700,400 sentences
   โข Our count:    11,731,360 sentences
   โข Difference:   30,960 (0.26%)
   โ Count matches paper claims!

๐ Paper Statistics Comparison:
   โข Paper claims words/sentence: 26.46
   โข Our measurement:             26.38

======================================================================
======================================================================
๐ SAMPLE DATA INSPECTION
======================================================================

โณ Loading up to 100,000 lines for sampling...
   โ Loaded 100,000 non-empty lines

๐ Random Samples (20 sentences):
----------------------------------------------------------------------

โโโโโโโโโโโโโโโโโโโโโโโโโโโโโโโโโโโโโโโโโโโโโโโโโโโโโโโโโโโโ
๐ Sample 1:
โโโโโโโโโโโโโโโโโโโโโโโโโโโโโโโโโโโโโโโโโโโโโโโโโโโโโโโโโโโโ
   ูููุจุบู ุงู ุชููู ุงูููุงูุฉ ุฏูููุฉ ููุญุฏูุฏุฉ.

   ๐ Stats: 6 words, 37 chars
   ๐ Punctuation found: ['.']
   ๐ Terminal character: '.' (Full Stop (Period))

โโโโโโโโโโโโโโโโโโโโโโโโโโโโโโโโโโโโโโโโโโโโโโโโโโโโโโโโโโโโ
๐ Sample 2:
โโโโโโโโโโโโโโโโโโโโโโโโโโโโโโโโโโโโโโโโโโโโโโโโโโโโโโโโโโโโ
   )ูกูงูฃ( ุจุฑูุงูุฌ ุงูุฌูุงุนุฉ ุงูุงูุฑูุจูุฉ ุงูุฎุงุต ุงููุชุนูู ุจุฌููุจ ุงูุฑูููุงุ ููุดูุฑุงุช ุงูุฌูุงุนุฉ ุงูุงูุฑูุจูุฉุ ุงูุงุฑ/ูุงูู ูกูฉูฉูฃ.

   ๐ Stats: 13 words, 102 chars
   ๐ Punctuation found: ['ุ', 'ุ', '.']
   ๐ Terminal character: '.' (Full Stop (Period))

โโโโโโโโโโโโโโโโโโโโโโโโโโโโโโโโโโโโโโโโโโโโโโโโโโโโโโโโโโโโ
๐ Sample 3:
โโโโโโโโโโโโโโโโโโโโโโโโโโโโโโโโโโโโโโโโโโโโโโโโโโโโโโโโโโโโ
   5/47/65ุ ูุชุดูู ูููฆ ูฃูก ุฏููุงุฑ ูุชูุงููู ุฎุฏูุงุช ุงููุคุชูุฑุงุช ูู ุงุฌู ุงูุฌุงุฑ ูุงุนุฉ ุงูุงุฌุชูุงุน ูุงูุชุฑุฌูุฉ ุงูููุฑูุฉ ูุงูุฌุงุฑ ูุนุฏุงุช ุงูููุงุชุจ ูุงูุชุฑุฌูุฉ ุงูุชุญุฑูุฑูุฉ.

   ๐ Stats: 20 words, 136 chars
   ๐ Punctuation found: ['ุ', '.']
   ๐ Terminal character: '.' (Full Stop (Period))

โโโโโโโโโโโโโโโโโโโโโโโโโโโโโโโโโโโโโโโโโโโโโโโโโโโโโโโโโโโโ
๐ Sample 4:
โโโโโโโโโโโโโโโโโโโโโโโโโโโโโโโโโโโโโโโโโโโโโโโโโโโโโโโโโโโโ
   ููุฏ ุชุฑู ุงููุฌูุฉ ุงู ูู ุงููููุฏ ุงุณุชูุดุงู ุงููุงููุฉ ูุถุน ูุนุงูุฏุฉ ุตุฏุงูุฉ ูุชุนุงูู ููุงุซูุฉ ูููุทูุฉ ุงููุญูุท ุงูููุฏูุ ูุฎุทูุฉ ูุคูุชุฉ ุนูู ุทุฑูู ุงูุดุงุก ููุทูุฉ ุณูู.

   ๐ Stats: 23 words, 134 chars
   ๐ Punctuation found: ['ุ', '.']
   ๐ Terminal character: '.' (Full Stop (Period))

โโโโโโโโโโโโโโโโโโโโโโโโโโโโโโโโโโโโโโโโโโโโโโโโโโโโโโโโโโโโ
๐ Sample 5:
โโโโโโโโโโโโโโโโโโโโโโโโโโโโโโโโโโโโโโโโโโโโโโโโโโโโโโโโโโโโ
   ูุชู ุงูุชูุตู ุงูู ูุถุน ุงููููุงุช ุชุดูู: ุฎูู ูุฑุต ุงูุนููุ ูุชูููุฉ ุงูููุงุฑุฏ ุงูุจุดุฑูุฉุ ูุตูุงุบุฉ ุงูุณูุงุณุงุช ุงูุงูุชุตุงุฏูุฉุ ููุดุฑ ุงูุซูุงูุฉ ุงูุนูุงููุฉุ ูุงุตูุงุญ ูุงููู ุงูุนูู.

   ๐ Stats: 21 words, 142 chars
   ๐ Punctuation found: [':', 'ุ', 'ุ', 'ุ', 'ุ', '.']
   ๐ Terminal character: '.' (Full Stop (Period))

โโโโโโโโโโโโโโโโโโโโโโโโโโโโโโโโโโโโโโโโโโโโโโโโโโโโโโโโโโโโ
๐ Sample 6:
โโโโโโโโโโโโโโโโโโโโโโโโโโโโโโโโโโโโโโโโโโโโโโโโโโโโโโโโโโโโ
   A.

   ๐ Stats: 1 words, 2 chars
   ๐ Punctuation found: ['.']
   ๐ Terminal character: '.' (Full Stop (Period))

โโโโโโโโโโโโโโโโโโโโโโโโโโโโโโโโโโโโโโโโโโโโโโโโโโโโโโโโโโโโ
๐ Sample 7:
โโโโโโโโโโโโโโโโโโโโโโโโโโโโโโโโโโโโโโโโโโโโโโโโโโโโโโโโโโโโ
   ูฃ - ุงููุณุงูุฉ ุงููุตุฑูุฉ (S/410).

   ๐ Stats: 5 words, 28 chars
   ๐ Punctuation found: ['.']
   ๐ Terminal character: '.' (Full Stop (Period))

โโโโโโโโโโโโโโโโโโโโโโโโโโโโโโโโโโโโโโโโโโโโโโโโโโโโโโโโโโโโ
๐ Sample 8:
โโโโโโโโโโโโโโโโโโโโโโโโโโโโโโโโโโโโโโโโโโโโโโโโโโโโโโโโโโโโ
   ูุจุงูุชุงููุ ููููุง ููุจูุฏ ูค-ูฉ ูู ุงูุธูุฉ ุชุฎุทูุท ุงูุจุฑุงูุฌุ ูุชูุดูุง ูุน ุงููุงุฏุฉ ูกูฅูฃ ูู ุงููุธุงู ุงูุฏุงุฎูู ููุฌูุนูุฉุ ูููู ูู ูุดุฑูุน ูุฑุงุฑ ูุนุฑูุถ ุนูู ุงูุฌูุนูุฉ ุงูุนุงูุฉ ููุฌุงููุง ุงูุฑุฆูุณูุฉ ููุชูุฎู ุงุณุชุญุฏุงุซ ุงูุดุทุฉ ุฌุฏูุฏุฉุ ูุดููุนุง ุจุจูุงู ุฎุทู ูุจู ุงู ููุธุฑ ูู ุงุนุชูุงุฏู.

   ๐ Stats: 38 words, 227 chars
   ๐ Punctuation found: ['ุ', 'ุ', 'ุ', 'ุ', '.']
   ๐ Terminal character: '.' (Full Stop (Period))

โโโโโโโโโโโโโโโโโโโโโโโโโโโโโโโโโโโโโโโโโโโโโโโโโโโโโโโโโโโโ
๐ Sample 9:
โโโโโโโโโโโโโโโโโโโโโโโโโโโโโโโโโโโโโโโโโโโโโโโโโโโโโโโโโโโโ
   ูจูข - ูููุง ููุงู ุงู ูุฐู ุงูุตููุฉ ุงุฒุนุฌุช ุงูุณูุฏ ูุงูููุฑ ุฐูู ุงู ุงูููุงุฏู ูุงููุงุฒููู ุชูุน ูู ููููุง ูู ุงูููุงุทุนุฉ ุงูุฌููุจูุฉ.

   ๐ Stats: 20 words, 107 chars
   ๐ Punctuation found: ['.']
   ๐ Terminal character: '.' (Full Stop (Period))

โโโโโโโโโโโโโโโโโโโโโโโโโโโโโโโโโโโโโโโโโโโโโโโโโโโโโโโโโโโโ
๐ Sample 10:
โโโโโโโโโโโโโโโโโโโโโโโโโโโโโโโโโโโโโโโโโโโโโโโโโโโโโโโโโโโโ
   ููู ุดุงู ุงูุฏุฑุงุณุฉ ุงููุดุชุฑูุฉ ุจูู ุงููุทุงุนุงุช ุงูุชู ุชุนูู ุงููููุณูู ุญุงููุง ุนูู ุงุนุฏุงุฏูุง ุงู ุชุดูู ูุซููุฉ ูุฑุฌุนูุฉ ุนุธููุฉ ุงููุงุฆุฏุฉุ ููุฏ ูุชุนูู ุชุนููููุงุ ูุชู ุชู ุงูุงูุชูุงุก ูููุงุ ุนูู ุฌููุน ุงูููุงุชุจ ุฐุงุช ุงูุตูุฉ ุงูุชุงุจุนุฉ ูุจุฑูุงูุฌ ุงูุงูู ุงููุชุญุฏุฉ ุงูุงููุงุฆู ูุงููุฌูุฉ ุงูุงูุชุตุงุฏูุฉ ูุงูุงุฌุชูุงุนูุฉ ูุงุณูุง ูุงููุญูุท ุงููุงุฏุฆ ูุบูุฑูุง ูู ุงูููุงุชุจ.

   ๐ Stats: 44 words, 288 chars
   ๐ Punctuation found: ['ุ', 'ุ', 'ุ', '.']
   ๐ Terminal character: '.' (Full Stop (Period))

โโโโโโโโโโโโโโโโโโโโโโโโโโโโโโโโโโโโโโโโโโโโโโโโโโโโโโโโโโโโ
๐ Sample 11:
โโโโโโโโโโโโโโโโโโโโโโโโโโโโโโโโโโโโโโโโโโโโโโโโโโโโโโโโโโโโ
   ูููุจุบู ุงููุธุฑ ูู ุงูุญุงุฌุฉ ุงูู ุชุญููู ุงุณุชูุฑุงุฑ ุงูุชุตุงุฏู ุนุงููู ุงูุจุฑ ุฏูู ุงุนุชุจุงุฑ ููููุฉ ุงูุงูุชุตุงุฏูุฉ ูุงูุณูุงุณูุฉ ูุงู ุฏููุฉ ูููุฑุฏุฉ ูุฐูู ุจุงูุงูุชุฑุงู ูุน ุงูุชูุงูู ุงููุชุนุงุธู ููุงุฑุงุก ุจุดุงู ุงูุงููููุงุช ุงูุนุงูููุฉ ุจุตุฏุฏ ุงูุจูุฆุฉ.

   ๐ Stats: 29 words, 192 chars
   ๐ Punctuation found: ['.']
   ๐ Terminal character: '.' (Full Stop (Period))

โโโโโโโโโโโโโโโโโโโโโโโโโโโโโโโโโโโโโโโโโโโโโโโโโโโโโโโโโโโโ
๐ Sample 12:
โโโโโโโโโโโโโโโโโโโโโโโโโโโโโโโโโโโโโโโโโโโโโโโโโโโโโโโโโโโโ
   ูุน ุฐููุ ูุญุชุงุฌ ุงูุงูุฑ ุงูู ุงูุชูุณูู ุจูุงุณุทุฉ ุงูุงูุงูุฉ ูุฏู ุงูุจุช ูู ูุตุงุฏุฑ ุงูุฎุฑุงุฆุท ูุณุจู ุงุชุงุญุชูุง ูููุงุกูุฉ ุงูุณูุงุณู ูููุงููุณ ุงูุฑุณู ุงููุทููุจุฉุ ูุน ุชูุณูู ุนูููุงุช ุงูุทุจุงุนุฉ ูุงูุชูุฒูุน ูู ุงูููุงุทู ุฐุงุช ุงูุตูุฉ ุจูุง ูุนุฒุฒ ูู ุงูุฏุนู ุงูุฌุบุฑุงูู.

   ๐ Stats: 34 words, 207 chars
   ๐ Punctuation found: ['ุ', 'ุ', '.']
   ๐ Terminal character: '.' (Full Stop (Period))

โโโโโโโโโโโโโโโโโโโโโโโโโโโโโโโโโโโโโโโโโโโโโโโโโโโโโโโโโโโโ
๐ Sample 13:
โโโโโโโโโโโโโโโโโโโโโโโโโโโโโโโโโโโโโโโโโโโโโโโโโโโโโโโโโโโโ
   ูููุจุบู ุงู ููุถู ูุฏูุง ูู ูููุฉ ุงุถูุงุก ูุฒูุฏ ูู ุงูุดูุงููุฉ ูุงูุฏูููุฑุงุทูุฉ ุนูู ุงุนูุงู ุงููุฌูุณ.

   ๐ Stats: 14 words, 81 chars
   ๐ Punctuation found: ['.']
   ๐ Terminal character: '.' (Full Stop (Period))

โโโโโโโโโโโโโโโโโโโโโโโโโโโโโโโโโโโโโโโโโโโโโโโโโโโโโโโโโโโโ
๐ Sample 14:
โโโโโโโโโโโโโโโโโโโโโโโโโโโโโโโโโโโโโโโโโโโโโโโโโโโโโโโโโโโโ
   ูคูง - ูููุง ููููุฑุฑ ูค-ูฃ-ูก ุงูุฐู ุงุชุฎุฐู ุงููุฌูุณ ุงูุชูููุฐู ูู ุฏูุฑุชู ูกูฃูฉุ ุจุนุซ ุงููุฏูุฑ ุงูุนุงู ูู ูขูข ูุงููู ุงูุซุงูู/ููุงูุฑ ูกูฉูฉูฃุ ุฑุณุงูุฉ ุชุนููููุฉ ุงูู ุงูุฏูู ุงูุงุนุถุงุกุ ูุงูู ุงูููุธูุงุช ุงูุฏูููุฉุ ููุตุงุฏุฑ ุงูุชูููู ุงููุฎุชููุฉุ ูุทูุจ ูููุง ูููุง ุงููุณุงููุฉ ุจุงูุชุจุฑุนุงุช ูุชุบุทูุฉ ุงูุนุฌุฒ ุงูุญุงุฏุซ ูู ููุฒุงููุงุช ุชุดุบูู ุงูุฌุงูุนุงุช ุงูููุณุทูููุฉ ุจุณุจุจ ุงุบูุงู ุชูู ...
   [truncated - full length: 344 chars]

   ๐ Stats: 54 words, 344 chars
   ๐ Punctuation found: ['ุ', 'ุ', 'ุ', 'ุ', 'ุ', '.']
   ๐ Terminal character: '.' (Full Stop (Period))

โโโโโโโโโโโโโโโโโโโโโโโโโโโโโโโโโโโโโโโโโโโโโโโโโโโโโโโโโโโโ
๐ Sample 15:
โโโโโโโโโโโโโโโโโโโโโโโโโโโโโโโโโโโโโโโโโโโโโโโโโโโโโโโโโโโโ
   ููู ุงูุบููุงุ ูุฌูุฑุฌูุงุ ูุงูุณูุฏุงูุ ูุงุฑููููุงุ ูุงุฐุฑุจูุฌุงูุ ูุจูุฑููุฏูุ ูุทุงุฌููุณุชุงูุ ููู ุงูุนุฏูุฏ ูู ุงูุงูุงูู ุงูุงุฎุฑูุ ูุง ุชุฒุงู ุงููุงู ุงูุตุฑุงุน ุชุตูุจ ุญูุงุฉ ุงูุงุดุฎุงุต ุงูุนุงุฏููู.

   ๐ Stats: 21 words, 152 chars
   ๐ Punctuation found: ['ุ', 'ุ', 'ุ', 'ุ', 'ุ', 'ุ', 'ุ', 'ุ', '.']
   ๐ Terminal character: '.' (Full Stop (Period))

โโโโโโโโโโโโโโโโโโโโโโโโโโโโโโโโโโโโโโโโโโโโโโโโโโโโโโโโโโโโ
๐ Sample 16:
โโโโโโโโโโโโโโโโโโโโโโโโโโโโโโโโโโโโโโโโโโโโโโโโโโโโโโโโโโโโ
   ูุฏูููุง ูููุง ุดุฑููุฉ ูู ุฑุญูุฉ ุงููุณุชูุจู.

   ๐ Stats: 6 words, 35 chars
   ๐ Punctuation found: ['.']
   ๐ Terminal character: '.' (Full Stop (Period))

โโโโโโโโโโโโโโโโโโโโโโโโโโโโโโโโโโโโโโโโโโโโโโโโโโโโโโโโโโโโ
๐ Sample 17:
โโโโโโโโโโโโโโโโโโโโโโโโโโโโโโโโโโโโโโโโโโโโโโโโโโโโโโโโโโโโ
   1.

   ๐ Stats: 1 words, 2 chars
   ๐ Punctuation found: ['.']
   ๐ Terminal character: '.' (Full Stop (Period))

โโโโโโโโโโโโโโโโโโโโโโโโโโโโโโโโโโโโโโโโโโโโโโโโโโโโโโโโโโโโ
๐ Sample 18:
โโโโโโโโโโโโโโโโโโโโโโโโโโโโโโโโโโโโโโโโโโโโโโโโโโโโโโโโโโโโ
   ูจูฃ - ููู ุงุฌู ุงุณุชุนุฑุงุถ ุงูุญุงุฌุฉ ุงูู ุงุนุชูุงุฏ ุงุถุงููุ ุทูุจุช ุงููุฌูุฉ ุชูุฑูุฑุง ูุณุชูููุง ุนู ุญุงูุฉ ุงูุงูุชุฒุงูุงุช ุบูุฑ ุงููุตูุงุฉ ููุชุฑุฉ ุงูุณูุชูู ูกูฉูฉู-ูกูฉูฉูกุ ุบูุฑ ุงู ุงููุนูููุงุช ุงููุงุฑุฏุฉ ูู ุชูุฑูุฑ ุงูุญุงูุฉ ูู ุชููุน ุงููุฌูุฉ ุจุงู ุงูุชูุงูุงุชูุง ูููุง ูุชุนูู ุจุงูุงูุชุฒุงูุงุช ุบูุฑ ุงููุตูุงุฉ ูุฏ ุนููุฌุช ุจุดูู ููุงุฆู.

   ๐ Stats: 42 words, 255 chars
   ๐ Punctuation found: ['ุ', 'ุ', '.']
   ๐ Terminal character: '.' (Full Stop (Period))

โโโโโโโโโโโโโโโโโโโโโโโโโโโโโโโโโโโโโโโโโโโโโโโโโโโโโโโโโโโโ
๐ Sample 19:
โโโโโโโโโโโโโโโโโโโโโโโโโโโโโโโโโโโโโโโโโโโโโโโโโโโโโโโโโโโโ
   - ุณุนุงุฏุฉ ุงูุณูุฏ ุฏูู ูุฑุงูุณูุณูู - ุจุงุณููุงู ุงููุบู ุงูุจุงู ุงุณูููุ ุงููุฒูุฑ ุงููููุถ ูุดุคูู ุงูุดุจุงุจ ูุงูุฑูุงุถุฉ.

   ๐ Stats: 15 words, 93 chars
   ๐ Punctuation found: ['ุ', '.']
   ๐ Terminal character: '.' (Full Stop (Period))

โโโโโโโโโโโโโโโโโโโโโโโโโโโโโโโโโโโโโโโโโโโโโโโโโโโโโโโโโโโโ
๐ Sample 20:
โโโโโโโโโโโโโโโโโโโโโโโโโโโโโโโโโโโโโโโโโโโโโโโโโโโโโโโโโโโโ
   ูุชุถุทูุน ุจุงุนุฏุงุฏ ูุชูููุฐ ูุฎุชูู ูุดุงุฑูุน ุงููุณุงุนุฏุงุช ูุงูุจุญูุซ ููุฆุงุช ููุธููุฉ ุงูุงูู ุงููุชุญุฏุฉ ุงูุงุนุถุงุก ูู ูุฑูุฉ ุงูุนูู ุงููุดุชุฑูุฉ ุจูู ุงูููุงูุงุช ูุงุฌู ุชุดูุฑููุจูุ ููู: ููุธูุฉ ุงูุงูู ุงููุชุญุฏุฉ ููุทูููุฉ )ุงูููููุณูู(ุ ูุจุฑูุงูุฌ ุงูุงูู ุงููุชุญุฏุฉ ุงูุงููุงุฆูุ ูุจุฑูุงูุฌ ุงูุงูู ุงููุชุญุฏุฉ ููุจูุฆุฉุ ููุฑูุฒ ุงูุงูู ุงููุชุญุฏุฉ ูููุณุชูุทูุงุช ุงูุจุดุฑูุฉ )ุงูููุฆู(ุ ูููุธู...
   [truncated - full length: 559 chars]

   ๐ Stats: 73 words, 559 chars
   ๐ Punctuation found: ['ุ', ':', 'ุ', 'ุ', 'ุ', 'ุ', 'ุ', 'ุ', 'ุ', 'ุ', 'ุ', 'ุ', '.']
   ๐ Terminal character: '.' (Full Stop (Period))

======================================================================
๐ SAMPLE QUALITY ANALYSIS
======================================================================

๐ Quality Metrics (based on 20 samples):
--------------------------------------------------

โ Content Quality:
   โข Contains Arabic text: 18/20 (90.0%)
   โข Contains punctuation: 20/20 (100.0%)
   โข Has standard terminal: 20/20 (100.0%)

๐ Word Count Statistics:
   โข Min: 1 words
   โข Max: 73 words
   โข Mean: 24.0 words
   โข Median: 20.5 words

๐ Terminal Character Distribution:
   โข '.' (Full Stop (Period)): 20 (100.0%)

======================================================================
======================================================================
๐ SENTENCE LENGTH DISTRIBUTION ANALYSIS
======================================================================

โณ Analyzing 11,731,360 sentences...

   โ Analyzed 11,731,359 sentences

----------------------------------------------------------------------
๐ STATISTICAL SUMMARY
----------------------------------------------------------------------

๐ Sentence Length (WORDS):
   โข Count:          11,731,359 sentences
   โข Mean:           26.38 words
   โข Median:         22.00 words
   โข Std Deviation:  42.67 words
   โข Minimum:        1 words
   โข Maximum:        16475 words

   Percentiles:
   โข 25th percentile:  15 words
   โข 50th percentile:  22 words
   โข 75th percentile:  32 words
   โข 90th percentile:  44 words
   โข 95th percentile:  54 words
   โข 99th percentile:  92 words

๐ Sentence Length (CHARACTERS):
   โข Mean:           163.06 chars
   โข Median:         136.00 chars
   โข Std Deviation:  273.77 chars
   โข Minimum:        1 chars
   โข Maximum:        104538 chars

   Percentiles:
   โข 95th percentile:  336 chars
   โข 99th percentile:  595 chars

----------------------------------------------------------------------
๐ก RECOMMENDATIONS FOR MODEL CONFIGURATION
----------------------------------------------------------------------

๐ max_length parameter suggestions:
   โข Conservative (covers 95%): 81 tokens
   โข Safe (covers 99%):         138 tokens
   โข Recommended:               64 or 128 tokens

   Note: Multiplied by 1.5 to account for subword tokenization

โ๏ธ  Potential issues:
   โข Very short sentences (<3 words): 300,891 (2.56%)
   โข Very long sentences (>100 words): 96,237 (0.82%)
๐ Figure saved: eda_outputs\sentence_length_distribution.png
======================================================================
๐ PUNCTUATION MARK FREQUENCY ANALYSIS
======================================================================

โณ Analyzing 11,731,360 sentences...

   โ Analyzed 11,731,360 lines
   โ Processed 1,912,920,209 characters

----------------------------------------------------------------------
๐ PUNCTUATION FREQUENCY TABLE
----------------------------------------------------------------------

Mark     Name                                     Count   % of Punct   % of All
================================================================================
ุ        Arabic Comma                        14,519,556       50.94%    0.7590%
.        Full Stop (Period)                  11,708,896       41.08%    0.6121%
ุ        Arabic Semicolon                     1,530,816        5.37%    0.0800%
:        Colon                                  570,090        2.00%    0.0298%
,        Latin Comma                            111,900        0.39%    0.0058%
ุ        Arabic Question Mark                    53,544        0.19%    0.0028%
;        Latin Semicolon                          9,596        0.03%    0.0005%
!        Exclamation Mark                           778        0.00%    0.0000%
?        Latin Question Mark                        303        0.00%    0.0000%

----------------------------------------------------------------------
๐ SUMMARY STATISTICS
----------------------------------------------------------------------

   Total punctuation marks: 28,505,479
   Total characters analyzed: 1,912,920,209
   Punctuation density: 1.49% of all characters

----------------------------------------------------------------------
๐ PUNCTUATION BY CATEGORY
----------------------------------------------------------------------

Category                            Count   Percentage
-------------------------------------------------------
Sentence Terminals             11,763,521       41.27%
Commas                         14,631,456       51.33%
Semicolons                      1,540,412        5.40%
Colons                            570,090        2.00%

----------------------------------------------------------------------
๐ค ARABIC VS LATIN PUNCTUATION
----------------------------------------------------------------------

   Arabic punctuation (ุุุ): 16,103,916 (56.49%)
   Latin punctuation (,;?.!): 11,831,473 (41.51%)
   Ratio (Latin/Arabic): 0.73

   โ๏ธ  Significant mix of Arabic and Latin punctuation.
   โ Consider normalizing to one system in preprocessing.
๐ Figure saved: eda_outputs\punctuation_frequency.png
======================================================================
๐ SENTENCE TERMINAL ANALYSIS
======================================================================

โณ Analyzing 11,731,360 sentences...

   โ Analyzed 11,731,359 sentences

----------------------------------------------------------------------
๐ TERMINAL CHARACTER FREQUENCY
----------------------------------------------------------------------

Terminal     Name                                  Count Percentage
======================================================================

โ STANDARD SENTENCE TERMINALS:
----------------------------------------------------------------------
'.'          Full Stop (Period)               11,708,758     99.81%
'ุ'          Arabic Question Mark                 22,601      0.19%

----------------------------------------------------------------------
๐ SUMMARY
----------------------------------------------------------------------

   Sentences with standard terminals: 11,731,359 (100.00%)
   Sentences with other terminals:    0 (0.00%)

----------------------------------------------------------------------
๐ SAMPLE SENTENCES BY TERMINAL TYPE
----------------------------------------------------------------------

'.' (Full Stop (Period)):
   โ ูฃ - ูุนููุง ุจุทูุจ ุงูุฌูุนูุฉ ุงูุนุงูุฉ ุงููุงุฑุฏ ูู ุงูููุฑุฉ ูฅ ูู ุงููุฑุงุฑ ุงููุฐููุฑ ุงุนูุงูุ ูุฌู ุงูุงููู ุงูุนุงู ุฑุณุงูุฉ ูุนู...
   โ )ูก( ุงููุซุงุฆู ุงูุฑุณููุฉ ููุฌูุนูุฉ ุงูุนุงูุฉุ ุงูุฏูุฑุฉ ุงูุณุงุจุนุฉ ูุงูุงุฑุจุนููุ ุงูููุญู ุฑูู ูกู (A/47/10)ุ ุงููุฑูู.
   โ )ูข( ูุชุฑุฏ ุงูุถุง ุงูุงุดุงุฑุงุช ุงูู ูุณุงูุฉ ุงูุดุงุก ูุถุงุก ุฌูุงุฆู ุฏููู ูู ุงููุซููุฉ A/CN.

'ุ' (Arabic Question Mark):
   โ ูคูค - ูู ููุจุบู ุงู ูุชููู ุงุฎุชุตุงุต ุงููุญููุฉ ูู ุงูููุงูุฉ ุนูู ุฎุทูุฑุฉ ุงูุฌุฑููุฉ ุงููุฑุชูุจุฉุ
   โ ููุงุฐุง ูุญุฏุซ ุนูุฏูุง ุชุชุถุงุฑุจ ุงุฑุงุก ุฏูู ูุชุณุงููุฉ ุงููุตูุญุฉ ูุน ุจุนุถูุง ุจุนุถุงุ
   โ ููุฏ ููุทุฑุญ ุงูุณุคุงู ุงูุชุงูู: ูู ูุงู ูุฏู ูุคูุฏู ูุฐุง ุงูุงุนูุงู ุงู ุงุนุชุจุงุฑ ูุฑูุงู ุงุดูุงุฆูุง ูุดูููุงุชูุง ูู ุงูุฏูู ุงูุต...

----------------------------------------------------------------------
๐ก RECOMMENDATIONS
----------------------------------------------------------------------

โ Most sentences have standard terminal punctuation.
   The data quality is good for sentence boundary detection.
๐ Figure saved: eda_outputs\sentence_terminals.png
======================================================================
๐ VOCABULARY ANALYSIS
======================================================================

โณ Analyzing 11,731,360 sentences...

   โ Processed 301,161,206 words
   โ Found 1,268,199 unique words

----------------------------------------------------------------------
๐ VOCABULARY STATISTICS
----------------------------------------------------------------------

๐ Basic Metrics:
   โข Total words (tokens):  301,161,206
   โข Unique words (types):  1,268,199
   โข Type-Token Ratio:      0.0042
   โข Vocabulary richness:   0.42%

----------------------------------------------------------------------
๐ TOP 30 MOST COMMON WORDS
----------------------------------------------------------------------

Rank   Word                        Count Percentage Cumulative
=================================================================
1      ูู                     11,840,449      3.93%      3.93% ๐
2      ูู                      7,310,834      2.43%      6.36% ๐
3      ุนูู                     4,921,670      1.63%      7.99% ๐
4      ุงู                      3,862,400      1.28%      9.28% 
5      ุงูู                     3,775,977      1.25%     10.53% 
6      ุงูุชู                    2,415,701      0.80%     11.33% ๐
7      ุนู                      1,942,209      0.64%     11.98% ๐
8      ุงููุชุญุฏุฉ                 1,472,747      0.49%     12.47% 
9      ุ                       1,312,792      0.44%     12.90% 
10     ุงู                      1,310,573      0.44%     13.34% 
11     ุงูุงูู                   1,232,323      0.41%     13.75% 
12     ูุฐู                     1,105,368      0.37%     14.11% ๐
13     ูุน                      1,043,690      0.35%     14.46% ๐
14     ุงููุฌูุฉ                  1,017,015      0.34%     14.80% 
15     ูุฐุง                     1,006,611      0.33%     15.13% ๐
16     ุจูู                       891,149      0.30%     15.43% ๐
17     ููู                       873,506      0.29%     15.72% 
18     ุงูุฐู                      872,331      0.29%     16.01% ๐
19     ุฐูู                       850,797      0.28%     16.29% ๐
20     ุบูุฑ                       806,358      0.27%     16.56% ๐
21     ูุง                        803,904      0.27%     16.82% ๐
22     ุจุดุงู                      792,190      0.26%     17.09% 
23     ูุง                        780,099      0.26%     17.35% ๐
24     ู                         765,782      0.25%     17.60% ๐
25     ุนุงู                       706,802      0.23%     17.84% 
26     ุงูุนุงูุฉ                    686,661      0.23%     18.06% 
27     ุงูุฏูู                     599,802      0.20%     18.26% 
28     ุงูุนุงู                     586,477      0.19%     18.46% 
29     ุฌููุน                      575,084      0.19%     18.65% 
30     ุงูุนูู                     554,243      0.18%     18.83% 

   ๐ = Known Arabic stopword

----------------------------------------------------------------------
๐ VOCABULARY COVERAGE ANALYSIS
----------------------------------------------------------------------

   Words needed to cover X% of all text:
   Coverage           Words Needed    % of Vocabulary
   --------------------------------------------------
   50%                         789              0.06%
   80%                       6,713              0.53%
   90%                      17,858              1.41%
   95%                      39,663              3.13%
   99%                     190,679             15.04%

----------------------------------------------------------------------
๐ WORD FREQUENCY DISTRIBUTION
----------------------------------------------------------------------

   Hapax legomena (words appearing once):   598,478 (47.19% of vocabulary)
   Dis legomena (words appearing twice):    162,119 (12.78% of vocabulary)
   Words appearing โค5 times:                928,857
   Words appearing >100 times:              78,347

----------------------------------------------------------------------
๐ก RECOMMENDATIONS
----------------------------------------------------------------------

   Based on vocabulary analysis:
   1. โ Large vocabulary โ Use subword tokenization (BPE/WordPiece)
   2. โ๏ธ  Many rare words โ Subword tokenization essential to handle OOV
   3. Consider using a pre-trained Arabic tokenizer (AraBERT, CAMeLBERT)
๐ Figure saved: eda_outputs\vocabulary_analysis.png
======================================================================
๐ PUNCTUATION CONTEXT ANALYSIS
======================================================================

โณ Analyzing 11,731,360 sentences...
   Context window: 3 words before/after

   โ Analysis complete

======================================================================
๐ CONTEXT ANALYSIS FOR 'ุ' (Arabic Comma)
======================================================================

๐น Top 15 Words IMMEDIATELY BEFORE 'ุ':
--------------------------------------------------
   ุนุงู                   176,869 (14.53%) 
   ู                      48,252 ( 3.96%) ๐
   ุฏูุณูุจุฑ                 43,222 ( 3.55%) 
   ููููู                  35,084 ( 2.88%) 
   ูุนุงู                   28,826 ( 2.37%) 
   ุงูุชูุจุฑ                 27,392 ( 2.25%) 
   ููููุจุฑ                 27,203 ( 2.23%) 
   ุณุจุชูุจุฑ                 25,232 ( 2.07%) 
   ูุงุฑุณ                   24,457 ( 2.01%) 
   ููููู                  23,782 ( 1.95%) 
   ุงููุงุฏุฉ                 23,307 ( 1.91%) 
   ูุงูู                   22,646 ( 1.86%) 
   ุงุจุฑูู                  22,274 ( 1.83%) 
   ููุงูุฑ                  21,274 ( 1.75%) 
   ุงููุฑุงุฑ                 19,259 ( 1.58%) 

๐น Top 15 Words IMMEDIATELY AFTER 'ุ':
--------------------------------------------------
   ู                      55,308 ( 4.29%) ๐
   ุงูููุฑุฉ                 31,016 ( 2.40%) 
   ูู                     28,105 ( 2.18%) ๐
   ุงูุฐู                   24,061 ( 1.87%) ๐
   ูู                     22,361 ( 1.73%) ๐
   ุนูู                    19,213 ( 1.49%) ๐
   ุงูุชู                   14,825 ( 1.15%) ๐
   ุงู                     14,553 ( 1.13%) 
   ุงูู                    12,426 ( 0.96%) 
   ุงููุฑูู                 11,246 ( 0.87%) 
   ููู                    10,574 ( 0.82%) 
   ูุงู                    10,560 ( 0.82%) 
   ูุงู                    10,040 ( 0.78%) ๐
   ุจูุง                     9,510 ( 0.74%) 
   ุงููุนููุฏุฉ                9,425 ( 0.73%) 

๐น Top 15 Words in 3-Word Window BEFORE 'ุ':
--------------------------------------------------
   ูู                    240,245 ( 6.85%)
   ุนุงู                   182,878 ( 5.21%)
   ู                      90,711 ( 2.59%)
   ููู                    84,755 ( 2.42%)
   ุงูุงูู                  76,210 ( 2.17%)
   ูุงููู                  63,906 ( 1.82%)
   ูู                     54,439 ( 1.55%)
   ุชุดุฑูู                  54,008 ( 1.54%)
   ุงูุซุงูู                 53,007 ( 1.51%)
   ุฏูุณูุจุฑ                 44,892 ( 1.28%)
   ุงูู                    39,955 ( 1.14%)
   ููููู                  36,685 ( 1.05%)
   ุญุฒูุฑุงู                 35,648 ( 1.02%)
   ุงูููุฑุฉ                 31,833 ( 0.91%)
   ูุนุงู                   30,394 ( 0.87%)

======================================================================
๐ CONTEXT ANALYSIS FOR '.' (Full Stop (Period))
======================================================================

๐น Top 15 Words IMMEDIATELY BEFORE '.':
--------------------------------------------------
   ุนุงู                   137,935 ( 1.21%) 
   ุงููุชุญุฏุฉ               118,173 ( 1.04%) 
   ู                     111,759 ( 0.98%) ๐
   ุงููุฑุงุฑ                 91,888 ( 0.81%) 
   ุงูุงูุณุงู                80,266 ( 0.70%) 
   ุงูุนุงูุฉ                 71,631 ( 0.63%) 
   ุงูุฏููู                 59,945 ( 0.53%) 
   ุฏููุงุฑ                  52,827 ( 0.46%) 
   ุงูุฏูููุฉ                52,781 ( 0.46%) 
   ุงููุซููุฉ                47,884 ( 0.42%) 
   ุฐูู                    45,839 ( 0.40%) ๐
   ุงุฎุฑู                   44,896 ( 0.39%) 
   ุงูุงุชูุงููุฉ              42,121 ( 0.37%) 
   ุงููุงุฆุฉ                 41,788 ( 0.37%) 
   ุงูุนุงู                  41,107 ( 0.36%) 

๐น Top 15 Words IMMEDIATELY AFTER '.':
--------------------------------------------------
   ุชุดุฌูุน                       8 ( 5.93%) 
   ุนูู                         6 ( 4.44%) ๐
   ุชุนุฒูุฒ                       6 ( 4.44%) 
   ุชุญุณูู                       4 ( 2.96%) 
   ุงูุนูู                       4 ( 2.96%) 
   ุฏุนู                         4 ( 2.96%) 
   ููุจุบู                       4 ( 2.96%) 
   ููุฏ                         3 ( 2.22%) 
   ุงุฐ                          3 ( 2.22%) 
   ุชุทููุฑ                       3 ( 2.22%) 
   ุชุทุจูู                       3 ( 2.22%) 
   ุงุฌุฑุงุก                       3 ( 2.22%) 
   ููุงุญุธ                       2 ( 1.48%) 
   ุงุนุชูุงุฏ                      2 ( 1.48%) 
   ุชูุณูุน                       2 ( 1.48%) 

๐น Top 15 Words in 3-Word Window BEFORE '.':
--------------------------------------------------
   ูู                   1,441,293 ( 4.24%)
   ูู                    691,604 ( 2.03%)
   ุนูู                   440,081 ( 1.29%)
   ุงูู                   311,646 ( 0.92%)
   ุงููุชุญุฏุฉ               215,967 ( 0.63%)
   ุนุงู                   192,913 ( 0.57%)
   ู                     181,830 ( 0.53%)
   ูุฐู                   172,267 ( 0.51%)
   ูุฐุง                   168,402 ( 0.50%)
   ุงู                    143,322 ( 0.42%)
   ุนู                    133,053 ( 0.39%)
   ุงููุฑุงุฑ                120,566 ( 0.35%)
   ุงูุงูุณุงู               116,291 ( 0.34%)
   ุงูุนุงูุฉ                113,901 ( 0.33%)
   ุฐูู                   106,653 ( 0.31%)

======================================================================
๐ CONTEXT ANALYSIS FOR 'ุ' (Arabic Question Mark)
======================================================================

๐น Top 15 Words IMMEDIATELY BEFORE 'ุ':
--------------------------------------------------
   ุนุงู                        94 ( 8.89%) 
   ุงูููุฑุฉ                     86 ( 8.14%) 
   ุงููุงุฏุฉ                     44 ( 4.16%) 
   ู                          37 ( 3.50%) ๐
   ุงูุชูุฑูุฑ                    36 ( 3.41%) 
   ุฐูู                        17 ( 1.61%) ๐
   ูุนุงู                       16 ( 1.51%) 
   ุฏูุณูุจุฑ                     15 ( 1.42%) 
   ุจุงููุงุฏุฉ                    14 ( 1.32%) 
   ุงููุฑูู                     14 ( 1.32%) 
   ุงูุณุคุงู                     13 ( 1.23%) 
   ุง                          12 ( 1.14%) 
   ุงูุฎ                        12 ( 1.14%) 
   ุงูููุฑุงุช                    11 ( 1.04%) 
   ุฑูู                         9 ( 0.85%) 

๐น Top 15 Words IMMEDIATELY AFTER 'ุ':
--------------------------------------------------
   ูู                         60 (10.60%) 
   ูุฑุฌู                       36 ( 6.36%) 
   ุจ                          36 ( 6.36%) ๐
   ูุง                         35 ( 6.18%) ๐
   ุฌ                          31 ( 5.48%) 
   ุฏ                          28 ( 4.95%) 
   ู                          22 ( 3.89%) 
   ุง                          20 ( 3.53%) 
   ููุฑุฌู                      11 ( 1.94%) 
   ููุฑุฌู                      11 ( 1.94%) 
   ููู                        10 ( 1.77%) 
   ุฒ                          10 ( 1.77%) 
   ูู                          9 ( 1.59%) ๐
   ู                           8 ( 1.41%) ๐
   ุงู                          7 ( 1.24%) 

๐น Top 15 Words in 3-Word Window BEFORE 'ุ':
--------------------------------------------------
   ูู                        144 ( 4.62%)
   ุงูููุฑุฉ                    128 ( 4.11%)
   ุนุงู                       100 ( 3.21%)
   ูู                         85 ( 2.73%)
   ุงููุงุฏุฉ                     58 ( 1.86%)
   ู                          50 ( 1.60%)
   ุงูุชูุฑูุฑ                    42 ( 1.35%)
   ุงูู                        34 ( 1.09%)
   ุนูู                        33 ( 1.06%)
   ุจุนุฏ                        30 ( 0.96%)
   ุงู                         27 ( 0.87%)
   ุฐูู                        24 ( 0.77%)
   ุงูููุฑุงุช                    22 ( 0.71%)
   ุงูุงูู                      20 ( 0.64%)
   ูุงููู                      19 ( 0.61%)

======================================================================
๐ CROSS-PUNCTUATION COMPARISON
======================================================================

   Words that commonly precede PERIODS but not COMMAS:
   ['ุงูุชูููุฉ', 'ุงูุนุงููู', 'ุงูุฏูููุฉ', 'ุงููุญููุฉ', 'ุงูุงุนูุงู', 'ุงูุชูุฑูุฑ', 'ุฐูู', 'ุงููุทููุฉ', 'ุงุนูุงู', 'ุงูุงุฎุฑู']

   Words that commonly precede COMMAS but not PERIODS:
   ['ููููู', 'ูุฏ', 'ุง', 'ุงูุจููููุงุฑูุฉ', 'ุงูุชูุจุฑ', 'ุฑูู', 'ูุฑุงุฑูุง', 'ูููุชุฑุฉ', 'ุฏ', 'ุงููุชุฑุฉ']
๐ Figure saved: eda_outputs\punctuation_context.png
======================================================================
๐ 3-GRAM ANALYSIS BEFORE PUNCTUATION
======================================================================

โณ Analyzing 11,731,360 sentences...

   โ Analysis complete

======================================================================
๐ TOP 3-GRAMS BEFORE 'ุ' (Arabic Comma)
======================================================================

   Total 3-grams found: 11,882,824

   Top 20 most common 3-grams:
------------------------------------------------------------
    1. ูุงููู ุงูุงูู ุฏูุณูุจุฑ                         49,249 ( 0.41%)
    2. ูุนูุงูุฉ ุนูู ุฐูู                             48,999 ( 0.41%)
    3. ููู ูุฐุง ุงูุตุฏุฏ                              45,867 ( 0.39%)
    4. ูุจุงูุงุถุงูุฉ ุงูู ุฐูู                          42,043 ( 0.35%)
    5. ุชุดุฑูู ุงูุงูู ุงูุชูุจุฑ                         35,685 ( 0.30%)
    6. ุชุดุฑูู ุงูุซุงูู ููููุจุฑ                        35,558 ( 0.30%)
    7. ูุงููู ุงูุซุงูู ููุงูุฑ                         25,320 ( 0.21%)
    8. ุนูู ุณุจูู ุงููุซุงู                            18,638 ( 0.16%)
    9. ูู ูุฐุง ุงูุตุฏุฏ                               18,279 ( 0.15%)
   10. ููู ูุฐุง ุงูุณูุงู                             16,263 ( 0.14%)
   11. ูู ุฌููุฉ ุงููุฑ                               16,209 ( 0.14%)
   12. ุงูุงูู ุงููุชุญุฏุฉ ุงูุงููุงุฆู                     15,042 ( 0.13%)
   13. ูู ุญุฒูุฑุงู ููููู                            14,778 ( 0.12%)
   14. ูุงุถุงูุฉ ุงูู ุฐูู                             14,754 ( 0.12%)
   15. ููุธููุฉ ุงูุงูู ุงููุชุญุฏุฉ                       14,450 ( 0.12%)
   16. ุงููุชุฑุฉ ุงููุดูููุฉ ุจุงูุชูุฑูุฑ                   12,844 ( 0.11%)
   17. ูู ุงูููู ุณุจุชูุจุฑ                            12,279 ( 0.10%)
   18. ููุถูุง ุนู ุฐูู                               12,214 ( 0.10%)
   19. ูู ุชููุฒ ููููู                              12,085 ( 0.10%)
   20. ูู ุงุฐุงุฑ ูุงุฑุณ                               11,539 ( 0.10%)

======================================================================
๐ TOP 3-GRAMS BEFORE '.' (Full Stop (Period))
======================================================================

   Total 3-grams found: 11,314,172

   Top 20 most common 3-grams:
------------------------------------------------------------
    1. ูุงููู ุงูุงูู ุฏูุณูุจุฑ                         32,401 ( 0.29%)
    2. ูู ูุฐุง ุงูุตุฏุฏ                               21,811 ( 0.19%)
    3. ุชุดุฑูู ุงูุซุงูู ููููุจุฑ                        18,187 ( 0.16%)
    4. ุชุดุฑูู ุงูุงูู ุงูุชูุจุฑ                         17,732 ( 0.16%)
    5. ูุงููู ุงูุซุงูู ููุงูุฑ                         17,050 ( 0.15%)
    6. ูู ูุฐุง ุงููุฌุงู                              15,446 ( 0.14%)
    7. ูู ุฌุฏูู ุงูุงุนูุงู                            14,533 ( 0.13%)
    8. ุงูุงูุฏุงู ุงูุงููุงุฆูุฉ ููุงูููุฉ                  13,873 ( 0.12%)
    9. ููุธููุฉ ุงูุงูู ุงููุชุญุฏุฉ                       11,043 ( 0.10%)
   10. ูู ุญุฒูุฑุงู ููููู                            10,660 ( 0.09%)
   11. ูุซุงุฆู ูุฌูุณ ุงูุงูู                            9,388 ( 0.08%)
   12. ูู ุงูููู ุณุจุชูุจุฑ                             9,217 ( 0.08%)
   13. ุนูู ุญุฏ ุณูุงุก                                 8,710 ( 0.08%)
   14. ูู ุงูุจูุฏุงู ุงููุงููุฉ                          8,690 ( 0.08%)
   15. ูู ุชููุฒ ููููู                               8,383 ( 0.07%)
   16. ูู ุงูุงุฑ ูุงูู                                8,342 ( 0.07%)
   17. ูู ุงุฐุงุฑ ูุงุฑุณ                                8,312 ( 0.07%)
   18. ูู ูุฐุง ุงูุดุงู                                7,974 ( 0.07%)
   19. ูู ุงูุงูู ุงููุชุญุฏุฉ                            7,634 ( 0.07%)
   20. ูู ููุณุงู ุงุจุฑูู                              7,186 ( 0.06%)

======================================================================
๐ TOP 3-GRAMS BEFORE 'ุ' (Arabic Question Mark)
======================================================================

   Total 3-grams found: 52,408

   Top 20 most common 3-grams:
------------------------------------------------------------
    1. ูู ุฌุฏูู ุงูุงุนูุงู                             2,005 ( 3.83%)
    2. ุงู ุชุญุฐู ุญุฐููุง                                 381 ( 0.73%)
    3. ูุฐู ุงูููุฑุฉ ุงููุฑุนูุฉ                            306 ( 0.58%)
    4. ูู ูุฐู ุงููุฑุญูุฉ                                238 ( 0.45%)
    5. ูู ูุฐุง ุงูุตุฏุฏ                                  152 ( 0.29%)
    6. ูู ุฌุฏูู ุงูุงุนูุงู                               120 ( 0.23%)
    7. ุชุญุฐู ููุณ ุงูุญุฐู                                102 ( 0.19%)
    8. ููุง ุงูู ุฐูู                                    93 ( 0.18%)
    9. ูู ูุฐุง ุงููุฌุงู                                  81 ( 0.15%)
   10. ูู ุงูุจูุฏุงู ุงููุงููุฉ                             77 ( 0.15%)
   11. ุงู ุงุนูุงู ุงุฑูุงุจูุฉ                               71 ( 0.14%)
   12. ูู ุฌูุณุฉ ุนุงูุฉ                                   69 ( 0.13%)
   13. ุงูููุฑุฉ ูู ุงููุฑุงุฑ                               68 ( 0.13%)
   14. ูู ุงุฎุฐ ุงููููุฉ                                  67 ( 0.13%)
   15. ุงุนุชูุงุฏ ูุดุฑูุน ุงููุฑุงุฑ                            64 ( 0.12%)
   16. ูููู ูุนุงูุจุฉ ุงูููุชูููู                          64 ( 0.12%)
   17. ูุงููู ุงูุงูู ุฏูุณูุจุฑ                             61 ( 0.12%)
   18. ูุงููู ุงูุซุงูู ููุงูุฑ                             60 ( 0.11%)
   19. ุงููุงุฑุฏ ูู ุงููุซููุฉ                              57 ( 0.11%)
   20. ูู ูุฎููุงุช ุงูุญุฑุจ                                56 ( 0.11%)

======================================================================
๐ 3-GRAM OVERLAP ANALYSIS
======================================================================

   Among top 100 3-grams for each:
   โข 3-grams appearing before BOTH period and comma: 52
   โข 3-grams unique to period: 48
   โข 3-grams unique to comma: 48

   Examples of 3-grams unique to PERIOD (sentence boundaries):
      ุงูุฑุจ ููุช ูููู
      ูู ุงูุจุฑูุชูููู ุงูุงุฎุชูุงุฑู
      ุชูุฑูุฑ ุงูุงููู ุงูุนุงู
      ูู ุงูููุงุทู ุงูุฑูููุฉ
      ููุง ุจุนุฏ ุนุงู

   Examples of 3-grams unique to COMMA (clause boundaries):
      ุนูู ูุฌู ุงูุฎุตูุต
      ููุถูุง ุนู ุฐูู
      ููู ุงุจ ุงุบุณุทุณ
      ููู ุงูููุช ุฐุงุชู
      ููู ูุฐุง ุงูุณูุงู

######################################################################
# BIGRAM ANALYSIS
######################################################################
======================================================================
๐ 2-GRAM ANALYSIS BEFORE PUNCTUATION
======================================================================

โณ Analyzing 11,731,360 sentences...

   โ Analysis complete

======================================================================
๐ TOP 2-GRAMS BEFORE 'ุ' (Arabic Comma)
======================================================================

   Total 2-grams found: 13,037,830

   Top 20 most common 2-grams:
------------------------------------------------------------
    1. ุงูุงูู ุงููุชุญุฏุฉ                              92,863 ( 0.71%)
    2. ุนูู ุฐูู                                    74,288 ( 0.57%)
    3. ูู ุนุงู                                     70,601 ( 0.54%)
    4. ุงูู ุฐูู                                    70,246 ( 0.54%)
    5. ูุฐุง ุงูุตุฏุฏ                                  64,311 ( 0.49%)
    6. ุญููู ุงูุงูุณุงู                               55,011 ( 0.42%)
    7. ุงูุงูู ุฏูุณูุจุฑ                               49,770 ( 0.38%)
    8. ุงูุฌูุนูุฉ ุงูุนุงูุฉ                             44,113 ( 0.34%)
    9. ุญุฒูุฑุงู ููููู                               42,073 ( 0.32%)
   10. ุณุจูู ุงููุซุงู                                39,518 ( 0.30%)
   11. ููุน ุฐูู                                    36,394 ( 0.28%)
   12. ุงูุงูู ุงูุชูุจุฑ                               36,135 ( 0.28%)
   13. ุงูุซุงูู ููููุจุฑ                              35,949 ( 0.28%)
   14. ููู ุนุงู                                    34,807 ( 0.27%)
   15. ูู ุงููุงุฆุฉ                                  32,708 ( 0.25%)
   16. ุงูููู ุณุจุชูุจุฑ                               32,504 ( 0.25%)
   17. ุชููุฒ ููููู                                 31,941 ( 0.24%)
   18. ุงุฐุงุฑ ูุงุฑุณ                                  31,176 ( 0.24%)
   19. ูุญููู ุงูุงูุณุงู                              30,307 ( 0.23%)
   20. ุงูุงุฑ ูุงูู                                  29,659 ( 0.23%)

======================================================================
๐ TOP 2-GRAMS BEFORE '.' (Full Stop (Period))
======================================================================

   Total 2-grams found: 11,381,915

   Top 20 most common 2-grams:
------------------------------------------------------------
    1. ุงูุงูู ุงููุชุญุฏุฉ                              72,348 ( 0.64%)
    2. ูู ุนุงู                                     67,305 ( 0.59%)
    3. ูุดุฑูุน ุงููุฑุงุฑ                               49,799 ( 0.44%)
    4. ุญููู ุงูุงูุณุงู                               43,672 ( 0.38%)
    5. ูู ุงููุงุฆุฉ                                  41,660 ( 0.37%)
    6. ุงูุงูู ุฏูุณูุจุฑ                               32,845 ( 0.29%)
    7. ุฐุงุช ุงูุตูุฉ                                  28,455 ( 0.25%)
    8. ูุฌูุณ ุงูุงูู                                 27,544 ( 0.24%)
    9. ุญุฒูุฑุงู ููููู                               25,835 ( 0.23%)
   10. ูู ุงููุซููุฉ                                 25,265 ( 0.22%)
   11. ุงูุฌูุนูุฉ ุงูุนุงูุฉ                             24,712 ( 0.22%)
   12. ูุญููู ุงูุงูุณุงู                              22,056 ( 0.19%)
   13. ูุฐุง ุงูุตุฏุฏ                                  21,842 ( 0.19%)
   14. ููุงูู ุงููุชุญุฏุฉ                              21,625 ( 0.19%)
   15. ุงูุจูุฏุงู ุงููุงููุฉ                            20,528 ( 0.18%)
   16. ุงูููู ุณุจุชูุจุฑ                               19,787 ( 0.17%)
   17. ุชููุฒ ููููู                                 18,734 ( 0.16%)
   18. ุงูุซุงูู ููููุจุฑ                              18,443 ( 0.16%)
   19. ุงูุงูู ุงูุชูุจุฑ                               18,058 ( 0.16%)
   20. ููููู ุฏููุงุฑ                                17,727 ( 0.16%)

======================================================================
๐ TOP 2-GRAMS BEFORE 'ุ' (Arabic Question Mark)
======================================================================

   Total 2-grams found: 52,672

   Top 20 most common 2-grams:
------------------------------------------------------------
    1. ุฌุฏูู ุงูุงุนูุงู                                2,142 ( 4.07%)
    2. ุชุญุฐู ุญุฐููุง                                    384 ( 0.73%)
    3. ุงูููุฑุฉ ุงููุฑุนูุฉ                                312 ( 0.59%)
    4. ูุฐู ุงููุฑุญูุฉ                                   260 ( 0.49%)
    5. ุงูุงูู ุงููุชุญุฏุฉ                                 216 ( 0.41%)
    6. ูู ุงููุงุฆูุฉ                                    184 ( 0.35%)
    7. ูุฐุง ุงูุตุฏุฏ                                     152 ( 0.29%)
    8. ูู ุจูุฏูู                                      142 ( 0.27%)
    9. ุงูุจูุฏุงู ุงููุงููุฉ                               141 ( 0.27%)
   10. ุงุฎุฐ ุงููููุฉ                                    133 ( 0.25%)
   11. ุญููู ุงูุงูุณุงู                                  127 ( 0.24%)
   12. ุงูุฏูู ุงูุงุฎุฑู                                  114 ( 0.22%)
   13. ูู ุงููุฑุงุฑ                                     112 ( 0.21%)
   14. ูู ุงููุซููุฉ                                    108 ( 0.21%)
   15. ููุณ ุงูุญุฐู                                     105 ( 0.20%)
   16. ูุดุฑูุน ุงููุฑุงุฑ                                  103 ( 0.20%)
   17. ุงูู ุฐูู                                       102 ( 0.19%)
   18. ูุฌูุณ ุงูุงูู                                     92 ( 0.17%)
   19. ูู ุงููุณุชูุจู                                    92 ( 0.17%)
   20. ุงุนูุงู ุงุฑูุงุจูุฉ                                  90 ( 0.17%)

======================================================================
๐ 2-GRAM OVERLAP ANALYSIS
======================================================================

   Among top 100 2-grams for each:
   โข 2-grams appearing before BOTH period and comma: 68
   โข 2-grams unique to period: 32
   โข 2-grams unique to comma: 32

   Examples of 2-grams unique to PERIOD (sentence boundaries):
      ูู ุงููุซููุฉ
      ุงูุจุฑูุชูููู ุงูุงุฎุชูุงุฑู
      ุงูููุช ุงูููุงุณุจ
      ุชุบูุฑ ุงูููุงุฎ
      ูู ุงููุซููุฉ

   Examples of 2-grams unique to COMMA (clause boundaries):
      ุงูุจูุณูุฉ ูุงููุฑุณู
      ุงูููุช ููุณู
      ูู ุงููุงุฏุฉ
      ุงููุฑุฌุน ููุณู
      ุณุจูู ุงููุซุงู
โ CAMeL Tools is available - Full POS analysis will be performed
======================================================================
๐ท๏ธ  POS TAG ANALYSIS BEFORE PUNCTUATION
======================================================================

โณ Analyzing 10,000 sentences...
   (Note: POS tagging is computationally intensive)

   โ Analysis complete

======================================================================
๐ท๏ธ  POS TAGS BEFORE 'ุ' (Arabic Comma)
======================================================================

   Total instances: 12,066

   Tag/Pattern                      Count Percentage
   --------------------------------------------------
   noun                             5,505     45.62%
   adj                              2,250     18.65%
   digit                            1,193      9.89%
   noun_prop                          966      8.01%
   punc                               775      6.42%
   verb                               684      5.67%
   UNK                                381      3.16%
   adv                                146      1.21%
   prep                                90      0.75%
   pron_dem                            36      0.30%
   conj_sub                            12      0.10%
   foreign                             11      0.09%
   conj                                 8      0.07%
   pron_rel                             5      0.04%
   pron                                 2      0.02%

======================================================================
๐ท๏ธ  POS TAGS BEFORE '.' (Full Stop (Period))
======================================================================

   Total instances: 9,992

   Tag/Pattern                      Count Percentage
   --------------------------------------------------
   noun                             4,050     40.53%
   adj                              1,856     18.57%
   punc                             1,229     12.30%
   digit                              921      9.22%
   noun_prop                          612      6.12%
   foreign                            460      4.60%
   verb                               386      3.86%
   UNK                                202      2.02%
   prep                               131      1.31%
   adv                                 73      0.73%
   abbrev                              58      0.58%
   pron_rel                             4      0.04%
   pron_dem                             4      0.04%
   conj                                 4      0.04%
   pron                                 1      0.01%

======================================================================
๐ท๏ธ  POS TAGS BEFORE 'ุ' (Arabic Question Mark)
======================================================================

   Total instances: 16

   Tag/Pattern                      Count Percentage
   --------------------------------------------------
   noun                                11     68.75%
   adj                                  4     25.00%
   verb                                 1      6.25%

======================================================================
๐ POS PATTERN COMPARISON
======================================================================

   Comparing patterns before PERIOD vs COMMA:

   Pattern                     Before Period    Before Comma
   ------------------------------------------------------------
   UNK                                  2.0%            3.2%
   adj                                 18.6%           18.6%
   adv                                  0.7%            1.2%
   digit                                9.2%            9.9%
   foreign                              4.6%            0.1%
   noun                                40.5%           45.6%
   noun_prop                            6.1%            8.0%
   prep                                 1.3%            0.7%
   punc                                12.3%            6.4%
   verb                                 3.9%            5.7%
======================================================================
โ๏ธ  CLASS IMBALANCE QUANTIFICATION
======================================================================

โณ Analyzing 11,731,360 sentences...

   โ Analysis complete

----------------------------------------------------------------------
๐ CLASS DISTRIBUTION
----------------------------------------------------------------------

   Label                     Count   Percentage    Ratio to Max
   ============================================================
   NONE                291,003,448       96.63%              1:1
   PERIOD                9,721,625        3.23%             30:1
   COLON                   357,606        0.12%            814:1
   COMMA                    55,157        0.02%           5276:1
   EXCLAMATION                 731        0.00%         398090:1
   SEMICOLON                    30        0.00%        9700115:1
   QUESTION                      8        0.00%       36375431:1

----------------------------------------------------------------------
๐ IMBALANCE METRICS
----------------------------------------------------------------------

   โข Total labels: 301,138,605
   โข Number of classes: 7
   โข Most common class: NONE (291,003,448)
   โข Least common class: QUESTION (8)
   โข Imbalance ratio: 36,375,431:1

----------------------------------------------------------------------
โ๏ธ  SUGGESTED CLASS WEIGHTS
----------------------------------------------------------------------

   Method 1: Inverse Frequency (sklearn-style)
   Formula: n_samples / (n_classes * count)

   Label                    Weight
   -----------------------------------
   COLON                  120.2994
   COMMA                  779.9518
   EXCLAMATION          58850.6166
   NONE                     0.1478
   PERIOD                   4.4252
   QUESTION           5377475.0893
   SEMICOLON          1433993.3571

   Method 2: Inverse Square Root (gentler)
   Formula: sqrt(max_count / count)

   Label                    Weight
   -----------------------------------
   COLON                   28.5264
   COMMA                   72.6355
   EXCLAMATION            630.9434
   NONE                     1.0000
   PERIOD                   5.4712
   QUESTION              6031.2048
   SEMICOLON             3114.5008

   Method 3: Effective Number (for Focal Loss)
   Formula: (1-beta) / (1-beta^count), beta=0.9999

   Label                    Weight
   -----------------------------------
   COLON                  0.000100
   COMMA                  0.000100
   EXCLAMATION            0.001419
   NONE                   0.000100
   PERIOD                 0.000100
   QUESTION               0.125044
   SEMICOLON              0.033382

----------------------------------------------------------------------
๐ก RECOMMENDATIONS
----------------------------------------------------------------------

   Based on the class distribution:

   1. โ๏ธ  SEVERE IMBALANCE (ratio > 1000:1)
      โข Use weighted loss function (CrossEntropyLoss with weights)
      โข Consider Focal Loss to focus on hard examples
      โข May need to oversample minority classes or undersample majority

   2. โ๏ธ  VERY RARE CLASSES: ['COMMA', 'EXCLAMATION', 'SEMICOLON', 'QUESTION']
      โข Consider merging with similar classes
      โข Or remove from training and handle separately
      โข Example: Merge EXCLAMATION with PERIOD

   3. RECOMMENDED LOSS FUNCTION:
      โข Primary: Focal Loss (gamma=2.0)
      โข Alternative: Weighted Cross-Entropy with calculated weights

   4. RECOMMENDED EVALUATION:
      โข Use macro-averaged F1 score (treats all classes equally)
      โข Report per-class precision, recall, F1
      โข Monitor minority class performance separately
๐ Figure saved: eda_outputs\class_distribution.png
======================================================================
๐ LENGTH-PUNCTUATION RELATIONSHIP ANALYSIS
======================================================================

โณ Analyzing 11,731,360 sentences...

   โ Analyzed 11,731,359 sentences

----------------------------------------------------------------------
๐ PUNCTUATION METRICS BY SENTENCE LENGTH
----------------------------------------------------------------------

   Punctuation Count by Sentence Length:
           punct_count                      punct_density           word_count
                  mean        std min   max          mean       std      count
length_bin                                                                    
1-10          1.201123   0.513586   1    10      0.339540  0.327237    1518206
11-20         1.552751   0.860783   1    20      0.100152  0.054810    3650884
21-30         2.135765   1.246006   1    30      0.085151  0.048782    3276435
31-50         3.100399   1.971445   1    46      0.081783  0.049675    2567154
51-100        5.606139   4.966923   1    87      0.087593  0.069310     622443
100+         25.404117  37.296284   1  1198      0.116925  0.138696      96237

----------------------------------------------------------------------
๐ TERMINAL MARK DISTRIBUTION BY LENGTH
----------------------------------------------------------------------

   Percentage of each terminal by sentence length:
terminal        .     ุ
length_bin             
1-10        99.54  0.46
11-20       99.78  0.22
21-30       99.87  0.13
31-50       99.90  0.10
51-100      99.87  0.13
100+        99.83  0.17

----------------------------------------------------------------------
๐ก KEY INSIGHTS
----------------------------------------------------------------------

   โข Correlation (length vs punct count): 0.7746
   โข Correlation (length vs punct density): -0.1238

   โข Period terminal in short sentences (โค20 words): 99.7%
   โข Period terminal in long sentences (>50 words): 99.9%
   โ Sentence length has MINIMAL effect on terminal mark
๐ Figure saved: eda_outputs\length_punctuation_analysis.png
======================================================================
๐ท๏ธ  DOMAIN/TOPIC ANALYSIS
======================================================================

โณ Analyzing 50,000 sentences for 10 topics...

   โ Loaded 50,000 sentences

   โณ Building TF-IDF matrix...
   โ TF-IDF matrix shape: (50000, 5000)

   โณ Fitting NMF topic model...
   โ Topic model fitted

----------------------------------------------------------------------
๐ DISCOVERED TOPICS
----------------------------------------------------------------------

๐ท๏ธ  Topic 1:
   ุงูุงูู | ูุงููู | ุฏูุณูุจุฑ | ุงูุงูู ุฏูุณูุจุฑ | ูุงููู ุงูุงูู | ุงููุคุฑุฎ | ุฏูุณูุจุฑ ูกูฉูฉูข | ูกูฉูฉูข | ูคูง | ุฏูุณูุจุฑ ูกูฉูฉูฃ

๐ท๏ธ  Topic 2:
   48 | add | 48 sr | ุงููุซููุฉ | ุงููุซููุฉ ุชูุฑูุฑ | ุงูุนุงู ุงููุฑุงุฑ | ุงูููุญู ุฑูู | ุงูููุญู | ุชูุฑูุฑ | ุฑูู

๐ท๏ธ  Topic 3:
   ุงููุชุญุฏุฉ | ุงูุงูู | ุงูุงูู ุงููุชุญุฏุฉ | ุงูุงููุงุฆู | ุจุฑูุงูุฌ | ุงููุชุญุฏุฉ ุงูุงููุงุฆู | ุจุฑูุงูุฌ ุงูุงูู | ููุธููุฉ | ููุธููุฉ ุงูุงูู | ููุงูู
   โ Likely domain: international_law

๐ท๏ธ  Topic 4:
   ุงู | ุงูู | ุงู | ุงูุจูุฏุงู | ุงูุถุง | ูููู | ููุจุบู | ุงูู | ุงูุฏููู | ูููุง
   โ Likely domain: international_law

๐ท๏ธ  Topic 5:
   ุฏููุงุฑ | ููู | ููููู | ููููู ุฏููุงุฑ | ุงุนุชูุงุฏ | ุจูุจูุบ | ูฅูู | ุฑุตุฏ | ููู ุฏููุงุฑ | ูขูู

๐ท๏ธ  Topic 6:
   sr | 48 sr | 47 | 47 sr | cat | 48 | ููููุจุฑ ูกูฉูฉูข | 17 | ุงูุธุฑ | 46

๐ท๏ธ  Topic 7:
   ุงูุนุงู | ุงูุงููู | ุงูุงููู ุงูุนุงู | ุชูุฑูุฑ | ุชูุฑูุฑ ุงูุงููู | ุงููุซููุฉ | ุงููุฌูุฉ | ุงููุซููุฉ ุชูุฑูุฑ | ุงูุงุณุชุดุงุฑูุฉ | ุงูุนุงู ุงููุฑุงุฑ

๐ท๏ธ  Topic 8:
   ูุดุฑูุน | ูุดุฑูุน ุงููุฑุงุฑ | ุงููุฑุงุฑ | ุงูุฌูุณุฉ | ุงููุฌูุฉ | ููู ุงูุฌูุณุฉ | ููู | ุงูุธุฑ | ุงุนุชูุฏุช ุงููุฌูุฉ | ุงุนุชูุฏุช
   โ Likely domain: development

๐ท๏ธ  Topic 9:
   ุงูุนุงูุฉ | ุงูุฌูุนูุฉ | ุงูุฌูุนูุฉ ุงูุนุงูุฉ | ุงููุฌูุฉ | ูุซุงุฆู | ุงูู ุงูุฌูุนูุฉ | ูุงูุงุฑุจุนูู | ุงูุจูุฏ | ุฏูุฑุชูุง | ุฌุฏูู

๐ท๏ธ  Topic 10:
   ูกูฉูฉูฃ | ุงูู | ุชุดุฑูู | ุงูุซุงูู | ุงูุซุงูู ููููุจุฑ | ููููุจุฑ | ุชุดุฑูู ุงูุซุงูู | ูกูฉูฉูข | ุชุดุฑูู ุงูุงูู | ุงูุชูุจุฑ

----------------------------------------------------------------------
๐ MOST DISTINCTIVE TERMS (High TF-IDF)
----------------------------------------------------------------------

   Top 30 most distinctive terms:
    1. ุงูู                            (TF-IDF: 0.0265)
    2. ุงู                             (TF-IDF: 0.0256)
    3. ุงููุชุญุฏุฉ                        (TF-IDF: 0.0180)
    4. ุงูุงูู                          (TF-IDF: 0.0145)
    5. ุงูุงูู ุงููุชุญุฏุฉ                  (TF-IDF: 0.0144)
    6. 48                             (TF-IDF: 0.0141)
    7. ุงููุฌูุฉ                         (TF-IDF: 0.0137)
    8. ุฏููุงุฑ                          (TF-IDF: 0.0110)
    9. ุงูุนุงูุฉ                         (TF-IDF: 0.0107)
   10. ุงูุนุงู                          (TF-IDF: 0.0103)
   11. ุงู                             (TF-IDF: 0.0102)
   12. ููู                            (TF-IDF: 0.0102)
   13. ูกูฉูฉูฃ                           (TF-IDF: 0.0098)
   14. ููุฏ                            (TF-IDF: 0.0090)
   15. ุนุงู                            (TF-IDF: 0.0083)
   16. ุงูุงููู                         (TF-IDF: 0.0081)
   17. ุงูุงููู ุงูุนุงู                   (TF-IDF: 0.0081)
   18. ุงูุจูุฏุงู                        (TF-IDF: 0.0080)
   19. ุงูุถุง                           (TF-IDF: 0.0080)
   20. ุงูุฏููู                         (TF-IDF: 0.0076)
   21. ุจุดุงู                           (TF-IDF: 0.0075)
   22. ุงูุฌูุนูุฉ                        (TF-IDF: 0.0074)
   23. ุงูุงูู                          (TF-IDF: 0.0074)
   24. ุงูุฏูููุฉ                        (TF-IDF: 0.0071)
   25. ุงูุฌูุนูุฉ ุงูุนุงูุฉ                 (TF-IDF: 0.0069)
   26. ูกูฉูฉูข                           (TF-IDF: 0.0068)
   27. ุงูุฏูู                          (TF-IDF: 0.0067)
   28. ุงูุงูู                          (TF-IDF: 0.0065)
   29. ุงููุฑุงุฑ                         (TF-IDF: 0.0063)
   30. ูููุง                           (TF-IDF: 0.0063)

----------------------------------------------------------------------
๐ก DOMAIN ASSESSMENT
----------------------------------------------------------------------

   Based on topic analysis, this corpus appears to be:
   โข Primarily LEGAL/OFFICIAL UN documents
   โข Formal Modern Standard Arabic (MSA)
   โข Topics: Human rights, international law, security, development

   โ๏ธ  GENERALIZATION CONCERNS:
   โข Model trained on this data may struggle with:
     - Informal Arabic text
     - News articles (different style)
     - Social media content
     - Fiction/creative writing

   โ MODEL WILL WORK WELL FOR:
     - Legal documents
     - Official reports
     - Formal academic writing
     - Government communications
======================================================================
๐ค CHARACTER-LEVEL ANALYSIS
======================================================================

โณ Analyzing 11,731,360 sentences...

   โ Analyzed 1,912,920,209 characters

----------------------------------------------------------------------
๐ UNICODE CATEGORY DISTRIBUTION
----------------------------------------------------------------------

   Category Description                                     Count Percentage
   ===========================================================================
   Lo       Letter, Other (Arabic letters)           1,530,313,285     80.00%
   Zs       Separator, Space                          297,739,751     15.56%
   Nd       Number, Decimal Digit                      33,295,177      1.74%
   Po       Punctuation, Other                         31,862,584      1.67%
   Mn       Mark, Nonspacing (Diacritics)               5,192,773      0.27%
   Pd       Punctuation, Dash                           4,071,232      0.21%
   Pe       Punctuation, Close                          3,289,649      0.17%
   Ps       Punctuation, Open                           3,287,391      0.17%
   Lu       Letter, Uppercase (Latin)                   2,158,957      0.11%
   Ll       Letter, Lowercase (Latin)                   1,607,825      0.08%
   Sk       Other                                          76,838      0.00%
   Sm       Symbol, Math                                    9,133      0.00%
   So       Other                                           9,042      0.00%
   Pf       Other                                           3,303      0.00%
   Pi       Other                                           3,220      0.00%

----------------------------------------------------------------------
๐ ARABIC DIACRITICS (TASHKEEL) ANALYSIS
----------------------------------------------------------------------

   Diacritic            Name                        Count Percentage
   -----------------------------------------------------------------
   ู                    Fathatan (ู)            2,032,681    0.1063%
   ู                    Dammatan (ู)               13,546    0.0007%
   ู                    Kasratan (ู)               55,925    0.0029%
   ู                    Fatha (ู)                 427,800    0.0224%
   ู                    Damma (ู)               1,177,746    0.0616%
   ู                    Kasra (ู)                 266,072    0.0139%
   ู                    Shadda (ู)              1,197,973    0.0626%
   ู                    Sukun (ู)                  21,022    0.0011%

   Total diacritics: 5,192,765 (0.2715%)
   โ โ๏ธ  Significant diacritics - consider removal in preprocessing

----------------------------------------------------------------------
๐ SPECIAL ARABIC CHARACTERS
----------------------------------------------------------------------

   Character    Name                                  Count Percentage
   ----------------------------------------------------------------------
   ู            Tatweel (ู)                               0    0.0000%
   ุก            Hamza (ุก)                         5,404,173    0.2825%
   ุข            Alef Madda (ุข)                            0    0.0000%
   ุฃ            Alef Hamza Above (ุฃ)                      0    0.0000%
   ุฅ            Alef Hamza Below (ุฅ)                      0    0.0000%
   ุง            Alef (ุง)                        291,728,490   15.2504%
   ุฉ            Teh Marbuta (ุฉ)                  59,486,735    3.1097%
   ู            Alef Maksura (ู)                 12,326,277    0.6444%

   ALEF VARIATIONS:
   ุง: 291,728,490 (100.0% of all alefs)
   ูฑ: 29 (0.0% of all alefs)

   โ โ๏ธ  Multiple Alef forms detected - consider normalization

----------------------------------------------------------------------
๐ NUMBER SYSTEMS
----------------------------------------------------------------------

   Arabic numerals (ู-ูฉ): 6,802,071
   Western numerals (0-9): 26,492,379

   โ โ๏ธ  Mixed numeral systems - consider normalizing to one
======================================================================
๐ง PREPROCESSING RECOMMENDATIONS GENERATOR
======================================================================

โณ Analyzing 11,731,360 sentences...

   โ Analysis complete

======================================================================
๐ PREPROCESSING RECOMMENDATIONS
======================================================================

โโโโโโโโโโโโโโโโโโโโโโโโโโโโโโโโโโโโโโโโโโโโโโโโโโโโโโโโโโโโโโโโโโโโโโ
โ 1. LINE FILTERING                                                  โ
โโโโโโโโโโโโโโโโโโโโโโโโโโโโโโโโโโโโโโโโโโโโโโโโโโโโโโโโโโโโโโโโโโโโโโ

   Empty lines: 1 (0.00%)
   Very short (<3 words): 300,891 (2.56%)
   Very long (>100 words): 96,237 (0.82%)

โโโโโโโโโโโโโโโโโโโโโโโโโโโโโโโโโโโโโโโโโโโโโโโโโโโโโโโโโโโโโโโโโโโโโโ
โ 2. DIACRITICS (TASHKEEL)                                           โ
โโโโโโโโโโโโโโโโโโโโโโโโโโโโโโโโโโโโโโโโโโโโโโโโโโโโโโโโโโโโโโโโโโโโโโ

   โ๏ธ  Diacritics found: 5,192,765

   โ RECOMMENDATION: Remove diacritics
   ```python
   import re
   def remove_diacritics(text):
       arabic_diacritics = re.compile(r'[\u064B-\u0652]')
       return arabic_diacritics.sub('', text)
   ```

โโโโโโโโโโโโโโโโโโโโโโโโโโโโโโโโโโโโโโโโโโโโโโโโโโโโโโโโโโโโโโโโโโโโโโ
โ 3. TATWEEL (ELONGATION)                                            โ
โโโโโโโโโโโโโโโโโโโโโโโโโโโโโโโโโโโโโโโโโโโโโโโโโโโโโโโโโโโโโโโโโโโโโโ

   โ No tatweel found. No action needed.

โโโโโโโโโโโโโโโโโโโโโโโโโโโโโโโโโโโโโโโโโโโโโโโโโโโโโโโโโโโโโโโโโโโโโโ
โ 4. PUNCTUATION NORMALIZATION                                       โ
โโโโโโโโโโโโโโโโโโโโโโโโโโโโโโโโโโโโโโโโโโโโโโโโโโโโโโโโโโโโโโโโโโโโโโ

   Arabic punctuation: 16,103,916
   Latin punctuation: 11,831,473

   โ๏ธ  Significant mix of Arabic and Latin punctuation

   โ RECOMMENDATION: Normalize to Arabic punctuation
   ```python
   def normalize_punctuation(text):
       punct_map = {
           ',': 'ุ',  # Latin comma to Arabic comma
           ';': 'ุ',  # Latin semicolon to Arabic semicolon
           '?': 'ุ',  # Latin question mark to Arabic
       }
       for latin, arabic in punct_map.items():
           text = text.replace(latin, arabic)
       return text
   ```

โโโโโโโโโโโโโโโโโโโโโโโโโโโโโโโโโโโโโโโโโโโโโโโโโโโโโโโโโโโโโโโโโโโโโโ
โ 5. ALEF NORMALIZATION                                              โ
โโโโโโโโโโโโโโโโโโโโโโโโโโโโโโโโโโโโโโโโโโโโโโโโโโโโโโโโโโโโโโโโโโโโโโ

   Alef variations found:
   โข 'ุง': 291,728,490
   โข 'ูฑ': 29

   โ๏ธ  Multiple Alef forms detected

   โ RECOMMENDATION: Normalize all Alef forms to bare Alef
   ```python
   import re
   def normalize_alef(text):
       # Normalize all Alef variations to bare Alef
       text = re.sub(r'[ุฃุฅุขูฑ]', 'ุง', text)
       return text
   ```

โโโโโโโโโโโโโโโโโโโโโโโโโโโโโโโโโโโโโโโโโโโโโโโโโโโโโโโโโโโโโโโโโโโโโโ
โ 6. NUMBER NORMALIZATION                                            โ
โโโโโโโโโโโโโโโโโโโโโโโโโโโโโโโโโโโโโโโโโโโโโโโโโโโโโโโโโโโโโโโโโโโโโโ

   Western numerals (0-9): 26,492,379
   Arabic numerals (ู-ูฉ): 6,802,071

   โ๏ธ  Mixed numeral systems

   โ RECOMMENDATION: Normalize to one system (Western is common)
   ```python
   def normalize_numbers(text):
       arabic_digits = 'ููกูขูฃูคูฅูฆูงูจูฉ'
       western_digits = '0123456789'
       trans_table = str.maketrans(arabic_digits, western_digits)
       return text.translate(trans_table)
   ```

======================================================================
๐ COMPLETE PREPROCESSING FUNCTION
======================================================================

    ```python
    import re
    
    def preprocess_arabic_text(text):
        '''
        Complete preprocessing pipeline for Arabic text.
        Generated based on EDA findings.
        '''
        # 1. Remove diacritics (tashkeel)
        arabic_diacritics = re.compile(r'[\u064B-\u0652]')
        text = arabic_diacritics.sub('', text)
        
        # 2. Remove tatweel (elongation)
        text = text.replace('\u0640', '')
        
        # 3. Normalize Alef variations
        text = re.sub(r'[ุฃุฅุขูฑ]', 'ุง', text)
        
        # 4. Normalize punctuation (Latin to Arabic)
        punct_map = {',': 'ุ', ';': 'ุ', '?': 'ุ'}
        for latin, arabic in punct_map.items():
            text = text.replace(latin, arabic)
        
        # 5. Normalize numbers (Arabic to Western)
        arabic_digits = 'ููกูขูฃูคูฅูฆูงูจูฉ'
        western_digits = '0123456789'
        trans_table = str.maketrans(arabic_digits, western_digits)
        text = text.translate(trans_table)
        
        # 6. Normalize whitespace
        text = ' '.join(text.split())
        
        return text
    ```
    
โ Transformers library available
======================================================================
๐ค TOKENIZER COMPARISON ANALYSIS
======================================================================

โณ Comparing tokenizers on 10,000 sentences...
   โ Loaded 10000 sentences

   Analyzing AraBERT-v2...
      โ Complete (vocab size: 64,000)

   Analyzing CAMeLBERT-Mix...
      โ Complete (vocab size: 30,000)

   Analyzing AraGPT2...
      โ Complete (vocab size: 64,000)

   Analyzing mBERT...
      โ Complete (vocab size: 119,547)

   Analyzing XLM-RoBERTa...
      โ Complete (vocab size: 250,002)

--------------------------------------------------------------------------------
๐ TOKENIZER COMPARISON RESULTS
--------------------------------------------------------------------------------

Tokenizer            Vocab Size   Avg Tokens  Subword Ratio    Avg UNK
================================================================================
AraGPT2                  64,000         31.3           1.55       0.00
CAMeLBERT-Mix            30,000         32.0           1.55       0.02
XLM-RoBERTa             250,002         40.0           1.94       0.00
mBERT                   119,547         50.0           2.35       0.62
AraBERT-v2               64,000         41.1           1.95       1.56

--------------------------------------------------------------------------------
๐ก RECOMMENDATION
--------------------------------------------------------------------------------

   ๐ BEST TOKENIZER: AraGPT2
   Model: aubmindlab/aragpt2-base

   Reasons:
   โข Lowest/Low UNK rate: 0.00 per sentence
   โข Reasonable subword expansion: 1.55x
   โข Vocabulary size: 64,000

   Usage:
   ```python
   from transformers import AutoTokenizer
   tokenizer = AutoTokenizer.from_pretrained('aubmindlab/aragpt2-base')
   ```
======================================================================
๐ฌ FEATURE CORRELATION ANALYSIS
======================================================================

โณ Analyzing 1,000,000 sentences...

   โ Extracted features for 25,730,395 word positions

----------------------------------------------------------------------
๐ FEATURE CORRELATION ANALYSIS
----------------------------------------------------------------------

   Correlation with 'has_punct' (binary):
   --------------------------------------------------
   word_length              : r =  0.1084 ***
   position_in_sentence     : r =  0.2977 ***
   sentence_length          : r = -0.0210 ***
   position_from_end        : r = -0.0429 ***

   Chi-square tests for categorical features:
   --------------------------------------------------
   is_last_word             : ฯยฒ = 19485775.6, V = 0.8702 ***
   is_first_word            : ฯยฒ =    34367.1, V = 0.0365 ***
   is_short_word            : ฯยฒ =   209737.0, V = 0.0903 ***
   ends_with_taa_marbuta    : ฯยฒ =   113107.8, V = 0.0663 ***
   ends_with_alef           : ฯยฒ =    17250.2, V = 0.0259 ***
   ends_with_noon           : ฯยฒ =    10616.4, V = 0.0203 ***
   starts_with_waw          : ฯยฒ =     4619.4, V = 0.0134 ***
   starts_with_fa           : ฯยฒ =    29608.9, V = 0.0339 ***
   starts_with_al           : ฯยฒ =   222216.2, V = 0.0929 ***
   has_definite_article     : ฯยฒ =   254218.8, V = 0.0994 ***

----------------------------------------------------------------------
๐ CONDITIONAL PUNCTUATION PROBABILITIES
----------------------------------------------------------------------

   P(punct | is_last_word):
is_last_word
False    0.003454
True     0.845089

   P(punct | ends_with_taa_marbuta):
ends_with_taa_marbuta
False    0.029645
True     0.061747

   P(punct | position quartile):
position_quartile
Q1    0.000925
Q2    0.002612
Q3    0.004507
Q4    0.133675

----------------------------------------------------------------------
๐ FEATURE IMPORTANCE (Random Forest)
----------------------------------------------------------------------

   Training Random Forest for feature importance...

   Feature Importance Ranking:
   ----------------------------------------
   position_in_sentence     : 0.4057 โโโโโโโโโโโโโโโโโโโโ
   position_from_end        : 0.2871 โโโโโโโโโโโโโโ
   is_last_word             : 0.2750 โโโโโโโโโโโโโ
   word_length              : 0.0142 
   is_short_word            : 0.0064 
   sentence_length          : 0.0059 
   starts_with_al           : 0.0019 
   starts_with_waw          : 0.0012 
   ends_with_alef           : 0.0009 
   ends_with_taa_marbuta    : 0.0008 
   is_first_word            : 0.0005 
   starts_with_fa           : 0.0002 
   ends_with_noon           : 0.0002 
๐ Figure saved: eda_outputs\feature_importance.png
