โ Arabic text utilities loaded!
   - Punctuation marks defined: 9
   - Diacritics defined: 8
   - Stopwords defined: 88
======================================================================
๐ PUNCTUATION MARK FREQUENCY ANALYSIS
======================================================================

โณ Analyzing 11,731,360 sentences...

   โ Analyzed 11,731,360 lines
   โ Processed 1,912,920,209 characters

----------------------------------------------------------------------
๐ PUNCTUATION FREQUENCY TABLE
----------------------------------------------------------------------

Mark     Name                                     Count   % of Punct   % of All
================================================================================
ุ        Arabic Comma                        14,519,556       50.94%    0.7590%
.        Full Stop (Period)                  11,708,896       41.08%    0.6121%
ุ        Arabic Semicolon                     1,530,816        5.37%    0.0800%
:        Colon                                  570,090        2.00%    0.0298%
,        Latin Comma                            111,900        0.39%    0.0058%
ุ        Arabic Question Mark                    53,544        0.19%    0.0028%
;        Latin Semicolon                          9,596        0.03%    0.0005%
!        Exclamation Mark                           778        0.00%    0.0000%
?        Latin Question Mark                        303        0.00%    0.0000%

----------------------------------------------------------------------
๐ SUMMARY STATISTICS
----------------------------------------------------------------------

   Total punctuation marks: 28,505,479
   Total characters analyzed: 1,912,920,209
   Punctuation density: 1.49% of all characters

----------------------------------------------------------------------
๐ PUNCTUATION BY CATEGORY
----------------------------------------------------------------------

Category                            Count   Percentage
-------------------------------------------------------
Full Stop                      11,708,896       41.08%
Commas                         14,631,456       51.33%
Semicolons                      1,540,412        5.40%
Colons                            570,090        2.00%
Question Marks                     53,847        0.19%
Exclamation Marks                     778        0.00%

----------------------------------------------------------------------
๐ค ARABIC VS LATIN PUNCTUATION
----------------------------------------------------------------------

   Arabic punctuation (ุุุ): 16,103,916 (56.49%)
   Latin punctuation (,;?): 121,799 (0.43%)
   Ratio (Latin/Arabic): 0.01
๐ Figure saved: eda_outputs\punctuation_frequency.png
======================================================================
๐ PUNCTUATION MARK FREQUENCY ANALYSIS
======================================================================

โณ Analyzing 11,731,360 sentences...

   โ Analyzed 11,731,360 lines
   โ Processed 1,912,920,209 characters

----------------------------------------------------------------------
๐ PUNCTUATION FREQUENCY TABLE
----------------------------------------------------------------------

Mark     Name                                     Count   % of Punct   % of All
================================================================================
ุ        Arabic Comma                        14,519,556       50.94%    0.7590%
.        Full Stop (Period)                  11,708,896       41.08%    0.6121%
ุ        Arabic Semicolon                     1,530,816        5.37%    0.0800%
:        Colon                                  570,090        2.00%    0.0298%
,        Latin Comma                            111,900        0.39%    0.0058%
ุ        Arabic Question Mark                    53,544        0.19%    0.0028%
;        Latin Semicolon                          9,596        0.03%    0.0005%
!        Exclamation Mark                           778        0.00%    0.0000%
?        Latin Question Mark                        303        0.00%    0.0000%

----------------------------------------------------------------------
๐ SUMMARY STATISTICS
----------------------------------------------------------------------

   Total punctuation marks: 28,505,479
   Total characters analyzed: 1,912,920,209
   Punctuation density: 1.49% of all characters

----------------------------------------------------------------------
๐ PUNCTUATION BY CATEGORY
----------------------------------------------------------------------

Category                            Count   Percentage
-------------------------------------------------------
Commas                         14,631,456       51.33%
Full Stop                      11,708,896       41.08%
Semicolons                      1,540,412        5.40%
Colons                            570,090        2.00%
Question Marks                     53,847        0.19%
Exclamation Marks                     778        0.00%

----------------------------------------------------------------------
๐ค ARABIC VS LATIN PUNCTUATION
----------------------------------------------------------------------

   Arabic punctuation (ุุุ): 16,103,916 (56.49%)
   Latin punctuation (,;?): 121,799 (0.43%)
   Ratio (Latin/Arabic): 0.01
๐ Figure saved: eda_outputs\punctuation_frequency.png
======================================================================
๐ SENTENCE TERMINAL ANALYSIS
======================================================================

โณ Analyzing 11,731,360 sentences...

   โ Analyzed 11,731,359 sentences

----------------------------------------------------------------------
๐ TERMINAL CHARACTER FREQUENCY
----------------------------------------------------------------------

Terminal     Name                                  Count Percentage
======================================================================

โ STANDARD SENTENCE TERMINALS:
----------------------------------------------------------------------
'.'          Full Stop (Period)               11,708,758     99.81%
'ุ'          Arabic Question Mark                 22,601      0.19%

----------------------------------------------------------------------
๐ SUMMARY
----------------------------------------------------------------------

   Sentences with standard terminals: 11,731,359 (100.00%)
   Sentences with other terminals:    0 (0.00%)

----------------------------------------------------------------------
๐ SAMPLE SENTENCES BY TERMINAL TYPE
----------------------------------------------------------------------

'.' (Full Stop (Period)):
   โ ูฃ - ูุนููุง ุจุทูุจ ุงูุฌูุนูุฉ ุงูุนุงูุฉ ุงููุงุฑุฏ ูู ุงูููุฑุฉ ูฅ ูู ุงููุฑุงุฑ ุงููุฐููุฑ ุงุนูุงูุ ูุฌู ุงูุงููู ุงูุนุงู ุฑุณุงูุฉ ูุนููุฉ ุงูู ุงูุญูููุงุช ุจุชุงุฑูุฎ ูก ูุงููู ุงูุงูู/ุฏูุณูุจุฑ ูกูฉูฉูขุ ...
   โ )ูก( ุงููุซุงุฆู ุงูุฑุณููุฉ ููุฌูุนูุฉ ุงูุนุงูุฉุ ุงูุฏูุฑุฉ ุงูุณุงุจุนุฉ ูุงูุงุฑุจุนููุ ุงูููุญู ุฑูู ูกู (A/47/10)ุ ุงููุฑูู.
   โ )ูข( ูุชุฑุฏ ุงูุถุง ุงูุงุดุงุฑุงุช ุงูู ูุณุงูุฉ ุงูุดุงุก ูุถุงุก ุฌูุงุฆู ุฏููู ูู ุงููุซููุฉ A/CN.
   โ 4/488 ู Add.
   โ 1ุ ุงููุณุชูุณุฎ ูููุง ุงูุชุนูููุงุช ูุงูููุงุญุธุงุช ุงูููุฏูุฉ ูู ุงูุญูููุงุช ุจุดุงู ูุดุฑูุน ูุฏููุฉ ุงูุฌุฑุงุฆู ุงููุฎูุฉ ุจุณูู ุงูุงูุณุงููุฉ ูุงูููุง ุงููุนุชูุฏุฉ ุจุนุฏ ุงููุฑุงุกุฉ ุงูุงููู ููุฌูุฉ ูู ุฏ...

'ุ' (Arabic Question Mark):
   โ ูคูค - ูู ููุจุบู ุงู ูุชููู ุงุฎุชุตุงุต ุงููุญููุฉ ูู ุงูููุงูุฉ ุนูู ุฎุทูุฑุฉ ุงูุฌุฑููุฉ ุงููุฑุชูุจุฉุ
   โ ููุงุฐุง ูุญุฏุซ ุนูุฏูุง ุชุชุถุงุฑุจ ุงุฑุงุก ุฏูู ูุชุณุงููุฉ ุงููุตูุญุฉ ูุน ุจุนุถูุง ุจุนุถุงุ
   โ ููุฏ ููุทุฑุญ ุงูุณุคุงู ุงูุชุงูู: ูู ูุงู ูุฏู ูุคูุฏู ูุฐุง ุงูุงุนูุงู ุงู ุงุนุชุจุงุฑ ูุฑูุงู ุงุดูุงุฆูุง ูุดูููุงุชูุง ูู ุงูุฏูู ุงูุตุบูุฑุฉ ูู ููุทูุฉ ุงูุจุญุฑ ุงููุงุฑูุจู ุฏุงุฎู ุชุฌูุนูุง ุงูุฐู ูุดูู...
   โ ููู ุชููู ุจูุฏุงู ุงูุฑููุง ุงููุงุชูููุฉ ูุฏููููููุงุ ูุบุฑููุงุฏุงุ ูุณุงูุช ููุณูุช ูุฌุฒุฑ ุบุฑููุงุฏููุ ูุณุงูุช ููุณูุง ุงููุง ุชุฑูุฏ ุงูุงุณุชุนุงุถุฉ ุจุงูุชุงุฌูุง ุนู ูู ุงูุชุงุฌ ูุฐู ุงูุฌุฒุฑ ุงูุตุบูุฑุฉ...
   โ ููู ูููู ููุง ููุฏูู ูุฐุง ุงูุงุนูุงู ุงูู ูู ุงุฌู ุงูุชุฌุงุฑุฉ ุงูุญุฑุฉ ุณูู ุชูุบู ูู ุงูุงุชูุงูุงุช ุงูุฏูููุฉ ุงููุงุถูุฉ ุจูู ุฏูู ููุทูุฉ ุงูุจุญุฑ ุงููุงุฑูุจู ูุงูุฏูู ุงูุตุฏููุฉุ ุจูุง ูุชุฑููุง ...
๐ Figure saved: eda_outputs\sentence_terminals.png
