โ ุชู ุชููุฆุฉ ุงูุฅุนุฏุงุฏุงุช!
   ูุฌูุฏ ุงููุฏุฎูุงุช: ../SSAC-UNPC
   ูุฌูุฏ ุงููุฎุฑุฌุงุช: preprocessed_data_ar
โ ุชู ุชุญููู ุชุนุฑููุงุช ุงูุญุฑูู ุงูุนุฑุจูุฉ!
   - ุงูุญุฑูู ุงูุนุฑุจูุฉ: 36
   - ุงูุชุดููู: 8
   - ูููุงุช ุงูุชููู: 125
   - ุนูุงูุงุช ุงูุชุฑููู ุงูุตุงูุญุฉ: 6
โ ุฃุฏูุงุช ุชุญููู ุงูุจูุงูุงุช ุฌุงูุฒุฉ!

======================================================================
๐ ูุญุต ูุดููุงุช ูุณุชูู ุงูุญุฑูู
======================================================================
ุฌุงุฑู ูุญุต 500,000 ุณุทุฑ...

--- ุงูุชุดููู (ุงูุญุฑูุงุช) ---
ุฅุฌูุงูู ุงูุชุดููู ุงูููุฌูุฏ: 48,041
ุฃุณุทุฑ ุชุญุชูู ุนูู ุชุดููู: 33,658 (6.73%)
ุชูุฒูุน ุงูุชุดููู:
   'ู' (ูุชุญุชุงู): 24,831
   'ู' (ุถูุฉ): 18,231
   'ู' (ุดุฏุฉ): 2,006
   'ู' (ูุชุญุฉ): 1,331
   'ู' (ูุณุฑุฉ): 1,107
   'ู' (ูุณุฑุชุงู): 339
   'ู' (ุณููู): 186
   'ู' (ุถูุชุงู): 10

--- ุงูุญุฑูู ุงููุงุชูููุฉ ---
ุฅุฌูุงูู ุงูุญุฑูู ุงููุงุชูููุฉ: 147,461
ุฃุณุทุฑ ุชุญุชูู ุนูู ูุงุชููู: 40,484 (8.10%)
ุฃูุซุฑ ุงูุญุฑูู ุงููุงุชูููุฉ:
   'A': 28,172
   'C': 16,057
   'd': 14,566
   'S': 13,273
   'L': 6,214
   'R': 5,070
   'e': 4,721
   'E': 4,309
   'P': 4,106
   'r': 3,879

--- ุฃุดูุงู ุงูุฃูู ---
ุฅุฌูุงูู ุฃุดูุงู ุงูุฃูู: 0

--- ุงูุชุทููู (ุงููุดูุฏุฉ) ---
ุนุฏุฏ ูุฑุงุช ุงูุชุทููู: 0

--- ุญุฑูู ุฎุงุฑุฌ ุงููุทุงู (OOV) ---
ุฅุฌูุงูู ุงูุญุฑูู ุฎุงุฑุฌ ุงููุทุงู: 178,920
ุฃุณุทุฑ ุชุญุชูู ุนูู OOV: 96,269 (19.25%)
ุฃูู ุงูุญุฑูู ุฎุงุฑุฌ ุงููุทุงู:
   '/' (U+002F): 166,275
   '๏ฑ' (U+FC60): 5,628
   '๏ฑข' (U+FC62): 3,159
   '`' (U+0060): 1,979
   '๏ฑก' (U+FC61): 793
   'โ' (U+25CF): 714
   '+' (U+002B): 91
   '=' (U+003D): 71
   'รฉ' (U+00E9): 43
   'โฆ' (U+2666): 40
   'รค' (U+00E4): 37
   'โ' (U+2219): 16
   'รณ' (U+00F3): 11
   'ูช' (U+066A): 9
   'โข' (U+2022): 8
   '๏ป' (U+FECB): 7
   '\\' (U+005C): 7
   'รจ' (U+00E8): 5
   'รก' (U+00E1): 3
   '@' (U+0040): 3

======================================================================
๐ ูุญุต ูุดููุงุช ุงูุชุฑููู
======================================================================
ุฌุงุฑู ูุญุต 500,000 ุณุทุฑ...

--- ุงูุชุฑููู ุงูุนุฑุจู ---
   'ุ' (ูุงุตูุฉ ุนุฑุจูุฉ): 631,288
   '.' (ููุทุฉ): 498,701
   'ุ' (ูุงุตูุฉ ููููุทุฉ ุนุฑุจูุฉ): 59,512
   ':' (ููุทุชุงู ุฑุฃุณูุชุงู): 26,744
   'ุ' (ุนูุงูุฉ ุงุณุชููุงู ุนุฑุจูุฉ): 2,609
   '!' (ุนูุงูุฉ ุชุนุฌุจ): 59

--- ุงูุชุฑููู ุงููุงุชููู (ูุญุชุงุฌ ุชูุญูุฏ) ---
   ',': 9,133 -> ูุฌุจ ุฃู ูุตุจุญ 'ุ'
   ';': 36 -> ูุฌุจ ุฃู ูุตุจุญ 'ุ'
   '?': 1 -> ูุฌุจ ุฃู ูุตุจุญ 'ุ'

--- ุฃุณุทุฑ ุจุชุฑููู ูุฎุชูุท ---
ุฃุณุทุฑ ุชุญูู ุฎููุทุงู ูู ุงูุชุฑููู ุงูุนุฑุจู ูุงููุงุชููู: 6,494
ุงููุณุจุฉ: 1.30%

--- ุงูุชุฑููู ุงููุชุชุงุจุน ---
ุฅุฌูุงูู ุงูุญุงูุงุช: 64
ุฃูุซูุฉ:
   ',ุ' ูู: )ูกูฆูจ( ุงููุฑุงุฑ ูกูคูคูค )ุฏ - ูฅูฅ(ุ ุงูุฏูุฑุฉ ุงูุนุงุฏูุฉ ุงูุชุงุณุนุฉ ูุงูุนุดุฑูู ...
   ':.' ูู: ุงูุณูุฉ ุงููุงููุฉ:....
   'ุ:' ูู: 8(ุ ุงููุฌูุฏ ุงูุงููุ: ุงููุฑุงุฑุงุช ุงูุชู ุงุนุชูุฏูุง ุงููุคุชูุฑุ ุงููุฑุงุฑ ุงูุง...
   '?,' ูู: , Latin American adjustment: how much has happened?, Institu...
   'ุุ' ูู: ููุฒุงูุง ุงููุงูุฑูุฒูุฉ ูุนุฑููุฉ: ุนุฏู ุงุฑูุงู ูุจุงุฑ ุงููุฏูุฑูู ุจุงููุณุคูููุง...

--- ุงูุชุฑููู ุงูููุชุตู ---
ุญุงูุงุช ููุชูุฏ ูููุง ุงูุชุฑููู ููุณุงูุงุช ููุงุณุจุฉ: 13,935

======================================================================
๐ ูุญุต ูุดููุงุช ูุณุชูู ุงูุฌูู
======================================================================
ุฌุงุฑู ูุญุต 1,000,000 ุณุทุฑ...

--- ุงูุฃุณุทุฑ ุงููุงุฑุบุฉ ---
ุฃุณุทุฑ ูุงุฑุบุฉ: 0 (0.0000%)

--- ุฅุญุตุงุฆูุงุช ุทูู ุงูุฌูู ---
ุงููุชูุณุท: 25.78 ูููุฉ
ุงููุณูุท: 22.00 ูููุฉ
ุงูุฃุฏูู: 1 ูููุงุช
ุงูุฃูุตู: 4036 ูููุงุช
ุงูุงูุญุฑุงู ุงููุนูุงุฑู: 30.16 ูููุฉ

--- ุงูุฌูู ุงููุตูุฑุฉ ุฌุฏุงู (<3 ูููุงุช) ---
ุงูุนุฏุฏ: 30,783 (3.08%)
ุฃูุซูุฉ:
   '1(.'
   'M.'
   ', S.'
   'J.'
   'D.'

--- ุงูุฌูู ุงูุทูููุฉ ุฌุฏุงู (>100 ูููุฉ) ---
ุงูุนุฏุฏ: 7,861 (0.79%)
ุฃูุซูุฉ:
   [156 ูููุฉ] )ุง( ุชุชุนูุฏ ุจุงูุงูุชูุงุน ุงุซูุงุก ูุฐู ุงููุชุฑุฉ ุนู ุงูุชูุฏู ุจุงู ุงูุชุฑุงุญ ููุฒุน ุงูุซูุฉ ูู ุญูููุฉ ุงูููุงู ุงููุทููุฉ ุทุงููุง ุช...
   [101 ูููุฉ] ุงูู ุงูุนุฏูุฏ ูู ุงููุชุจ ูุงูููุงูุงุชุ ูููุง Les exceptions prรฉliminaires dans la procรฉdure de la cour intern...
   [770 ูููุฉ] ูก - ุชุญูุท ุนููุง ูุน ุงูุชูุฏูุฑ ุจุชูุฑูุฑ ุงูุงููู ุงูุนุงู ุนู ุญุงูุฉ ุงูุงุนูุงู ุงูุชุญุถูุฑูุฉ ููุณูุฉ ุงูุฏูููุฉ ููุงุณุฑุฉุูข - ุชุนุฑุจ...

--- ูุดููุงุช ุนูุงูุงุช ุงูููุงูุฉ ---
ุฃุณุทุฑ ุชูุชูุฏ ูุนูุงูุฉ ููุงูุฉ ููุงุณูุฉ: 0

--- ุนูุงูุงุช ููุงูุฉ ูุชุนุฏุฏุฉ ---
ุฃุณุทุฑ ุชุญุชูู ุนูู ุนูุงูุงุช ููุงูุฉ ูู ูุณุท ุงูุฌููุฉ: 2,327

======================================================================
๐ ูุญุต ุงูุฃููุงุท ุงูุฎุงุตุฉ
======================================================================
ุฌุงุฑู ูุญุต 500,000 ุณุทุฑ...

--- ุฃููุงุท ูุงู ุงูุนุทู ---
ุฅุฌูุงูู ุงููููุงุช ุงูุชู ุชุจุฏุฃ ุจู ู: 1,212,040
ุฃูุซุฑ ุงููููุงุช ุดููุนุงู ูุน ุงููุงู:
   'ููู': 36,107
   'ููุฏ': 21,846
   'ููู': 16,316
   'ูุงู': 16,131
   'ููุง': 13,358
   'ูุนูู': 8,929
   'ููู': 8,436
   'ูุถุน': 8,331
   'ูููุง': 7,859
   'ููู': 7,644
   'ูููุจุบู': 7,473
   'ูุงูุชูููุฉ': 7,015
   'ูุฐูู': 6,968
   'ููุฐูู': 5,639
   'ููููุง': 5,473

--- ุฃูุธูุฉ ุงูุฃุฑูุงู ---
ุฃุฑูุงู ุนุฑุจูุฉ ูุฌุฏุช: 531,683
ุฃุฑูุงู ุบุฑุจูุฉ ูุฌุฏุช: 81,871
ุฃุณุทุฑ ุจุฃุฑูุงู ูุฎุชูุทุฉ: 16,461

--- ูุฑุงุฌุน ุงููุณุชูุฏุงุช ---
ุฃูุซูุฉ: ['A/47/10', 'S/25704', 'A/47/975', 'S/26063', 'A/47/975', 'S/26063', 'S/5634', 'S/5910', 'S/12342', 'S/25704']

--- ุญุฑูู ููุฑุฑุฉ ---
ุฃุณุทุฑ ุจุญุฑูู ููุฑุฑุฉ:
   )ุง( ุงุนุชูุงุฏ ูุจูุบ ุงุฌูุงูู ูุฏุฑู ูจูู ูขูฅูจ ูขูฅ ูู ุฏููุงุฑุงุช ุงูููุงูุงุช ุงููุชุญุฏุฉ )ุตุงููู ููู ูขูก
   ููุงุฌุฑุงุก ูุคูุชุ ูุฌุฑู ูุณูุฉ ุงููุจูุบ ุงูุฐู ุชูุฑุฑู ุงููุฌูุฉ ุงูุงุณุชุดุงุฑูุฉ ุจูู ุงูุฏูู ุงูุงุนุถุงุกุ ู
   )ูข( ูุนุงูุฏุฉ ุงููุจุงุฏุฆ ุงูููุธูุฉ ูุงูุดุทุฉ ุงูุฏูู ูู ููุฏุงู ุงุณุชูุดุงู ูุงุณุชุฎุฏุงู ุงููุถุงุก ุงูุฎุงุฑุฌู

--- ูููุงุช ุฃุฌูุจูุฉ ---
ูููุงุช ุฃุฌูุจูุฉ ูุฑูุฏุฉ: 2,851
ุฃูุซุฑ ุงููููุงุช ุงูุฃุฌูุจูุฉ ุดููุนุงู:
   'Add': 6,581
   'Rev': 1,386
   'Corr': 828
   'CRP': 527
   'FCCC': 510
   'Sub': 401
   'PCN': 314
   'LOS': 312
   'CCPR': 307
   'CONF': 301
   'UNEP': 202
   'and': 187
   'Part': 182
   'SCN': 167
   'NUW': 153

======================================================================
๐ง ุงููุนุงูุฌุฉ ุงููุณุจูุฉ: ุฅุฒุงูุฉ ุงูุชุดููู
======================================================================
ุญุงูุงุช ุงูุงุฎุชุจุงุฑ:
   'ุงููุนูุฑูุจููููุฉ' -> 'ุงูุนุฑุจูุฉ'
   'ููุญููููุฏ' -> 'ูุญูุฏ'
   'ุงูุฃููููู ุงูููุชููุญูุฏูุฉ' -> 'ุงูุฃูู ุงููุชุญุฏุฉ'
   'ูุต ุจุฏูู ุชุดููู' -> 'ูุต ุจุฏูู ุชุดููู'

======================================================================
๐ง ุงููุนุงูุฌุฉ ุงููุณุจูุฉ: ุชูุญูุฏ ุงูุฃูู
======================================================================
ุญุงูุงุช ุงูุงุฎุชุจุงุฑ:
   'ุฃุญูุฏ' -> 'ุงุญูุฏ'
   'ุฅุจุฑุงููู' -> 'ุงุจุฑุงููู'
   'ุขุฏู' -> 'ุงุฏู'
   'ุงูุฃูู' -> 'ุงูุงูู'
   'ุงูุฅูุณุงู' -> 'ุงูุงูุณุงู'

======================================================================
๐ง ุงููุนุงูุฌุฉ ุงููุณุจูุฉ: ุชูุญูุฏ ุงูุชุงุก ุงููุฑุจูุทุฉ ูุงูุฃูู ุงูููุตูุฑุฉ
======================================================================
ุญุงูุงุช ุงูุงุฎุชุจุงุฑ:
   'ูุฏุฑุณุฉ' (ุชุงุก ูุฑุจูุทุฉ)
      ุชุงุก ูุฑุจูุทุฉ (ุฅุจูุงุก): 'ูุฏุฑุณุฉ'
      ุฃูู ููุตูุฑุฉ -> ูุงุก: 'ูุฏุฑุณุฉ'
   'ุนูู' (ุฃูู ููุตูุฑุฉ)
      ุชุงุก ูุฑุจูุทุฉ (ุฅุจูุงุก): 'ุนูู'
      ุฃูู ููุตูุฑุฉ -> ูุงุก: 'ุนูู'
   'ูุณุชุดูู' (ุฃูู ููุตูุฑุฉ)
      ุชุงุก ูุฑุจูุทุฉ (ุฅุจูุงุก): 'ูุณุชุดูู'
      ุฃูู ููุตูุฑุฉ -> ูุงุก: 'ูุณุชุดูู'
   'ุงููุงูุฑุฉ' (ุชุงุก ูุฑุจูุทุฉ)
      ุชุงุก ูุฑุจูุทุฉ (ุฅุจูุงุก): 'ุงููุงูุฑุฉ'
      ุฃูู ููุตูุฑุฉ -> ูุงุก: 'ุงููุงูุฑุฉ'

======================================================================
๐ง ุงููุนุงูุฌุฉ ุงููุณุจูุฉ: ุฅุฒุงูุฉ ุงูุญุฑูู ุฎุงุฑุฌ ุงููุทุงู
======================================================================
ุญุฌู ูุฌููุนุฉ ุงูุญุฑูู ุงูุตุงูุญุฉ: 62
ุญุงูุงุช ุงูุงุฎุชุจุงุฑ:
   'ุงููุต ุงูุนุฑุจู ูุน English text'
   -> 'ุงููุต ุงูุนุฑุจู ูุน  '
   'ุฑูู: ูกูขูฃ ู 456'
   -> 'ุฑูู: ูกูขูฃ ู '
   'ูุน ุฑููุฒ ุฎุงุตุฉ: @#$%'
   -> 'ูุน ุฑููุฒ ุฎุงุตุฉ: '
   'ยซูุต ุจูู ุฃููุงุณยป'
   -> 'ูุต ุจูู ุฃููุงุณ'

======================================================================
๐ง ุงููุนุงูุฌุฉ ุงููุณุจูุฉ: ุฅุฒุงูุฉ ุงูุญุฑูู ุงููุงุชูููุฉ
======================================================================
ุญุงูุงุช ุงูุงุฎุชุจุงุฑ:
   'ุงูุฃูู ุงููุชุญุฏุฉ United Nations' -> 'ุงูุฃูู ุงููุชุญุฏุฉ  '
   'ุงููุซููุฉ A/47/10' -> 'ุงููุซููุฉ /47/10'
   'ุจุฑูุงูุฌ UNDP ููุชูููุฉ' -> 'ุจุฑูุงูุฌ  ููุชูููุฉ'
   'add. 1' -> '. 1'

======================================================================
๐ง ุงููุนุงูุฌุฉ ุงููุณุจูุฉ: ุชูุญูุฏ ุงูุฃุฑูุงู
======================================================================
ุญุงูุงุช ุงูุงุฎุชุจุงุฑ (-> ุฃุฑูุงู ุนุฑุจูุฉ):
   'ุนุงู 2024' -> 'ุนุงู ูขููขูค'
   'ุฑูู ูกูขูฃ' -> 'ุฑูู ูกูขูฃ'
   'ูุจูุบ 100 ุฏููุงุฑ' -> 'ูุจูุบ ูกูู ุฏููุงุฑ'
   'ูฅูู + 500 = ูกููู' -> 'ูฅูู + ูฅูู = ูกููู'

======================================================================
๐ง ุงููุนุงูุฌุฉ ุงููุณุจูุฉ: ุชูุญูุฏ ุงูุชุฑููู
======================================================================
ุญุงูุงุช ุงูุงุฎุชุจุงุฑ:
   'ุฃููุงู, ุซุงููุงู, ุซุงูุซุงู'
   -> 'ุฃููุงูุ ุซุงููุงูุ ุซุงูุซุงู'
   'ูู ูุฐุง ุตุญูุญ?'
   -> 'ูู ูุฐุง ุตุญูุญุ'
   'ููุงุญุธุฉ; ูุฐุง ููู'
   -> 'ููุงุญุธุฉุ ูุฐุง ููู'
   'ุงููุต ูุญุชูู ุนูู , ู ; ู ?'
   -> 'ุงููุต ูุญุชูู ุนูู ุ ู ุ ู ุ'

======================================================================
๐ง ุงููุนุงูุฌุฉ ุงููุณุจูุฉ: ูุนุงูุฌุฉ ุงูุชุฑููู ุงููุชุชุงุจุน
======================================================================
ุญุงูุงุช ุงูุงุฎุชุจุงุฑ:
   'ูุงุฐุงุุุ'
      ุฅุจูุงุก ุงูุฃููู: 'ูุงุฐุงุ'
      ุฐูู:          'ูุงุฐุงุ'
   'ูุฐุง ุตุญูุญ..'
      ุฅุจูุงุก ุงูุฃููู: 'ูุฐุง ุตุญูุญ.'
      ุฐูู:          'ูุฐุง ุตุญูุญ.'
   'ุฃููุงูุุ'
      ุฅุจูุงุก ุงูุฃููู: 'ุฃููุงูุ'
      ุฐูู:          'ุฃููุงูุ'
   'ุงูุชูู.ุ'
      ุฅุจูุงุก ุงูุฃููู: 'ุงูุชูู.'
      ุฐูู:          'ุงูุชูู.'
   'ููุงูุฉ ุงููุต.,'
      ุฅุจูุงุก ุงูุฃููู: 'ููุงูุฉ ุงููุต.'
      ุฐูู:          'ููุงูุฉ ุงููุต.'

======================================================================
๐ง ุงููุนุงูุฌุฉ ุงููุณุจูุฉ: ุชูุญูุฏ ุงููุณุงูุงุช ูุถุจุท ุงูุชุฑููู
======================================================================
ุญุงูุงุช ุงูุงุฎุชุจุงุฑ:
   'ุงููุต   ูุน   ูุณุงูุงุช    ูุซูุฑุฉ'
      ุจุนุฏ ุชูุญูุฏ ุงููุณุงูุงุช: 'ุงููุต ูุน ูุณุงูุงุช ูุซูุฑุฉ'
      ุจุนุฏ ุถุจุท ุงูุชุฑููู:    'ุงููุต ูุน ูุณุงูุงุช ูุซูุฑุฉ'
   'ูููุฉุูููุฉ'
      ุจุนุฏ ุชูุญูุฏ ุงููุณุงูุงุช: 'ูููุฉุูููุฉ'
      ุจุนุฏ ุถุจุท ุงูุชุฑููู:    'ูููุฉุ ูููุฉ'
   'ูุต .ูุน ูุณุงูุฉ ูุจู ุงูููุทุฉ'
      ุจุนุฏ ุชูุญูุฏ ุงููุณุงูุงุช: 'ูุต .ูุน ูุณุงูุฉ ูุจู ุงูููุทุฉ'
      ุจุนุฏ ุถุจุท ุงูุชุฑููู:    'ูุต. ูุน ูุณุงูุฉ ูุจู ุงูููุทุฉ'
   'ุณุคุงูุุฌูุงุจ'
      ุจุนุฏ ุชูุญูุฏ ุงููุณุงูุงุช: 'ุณุคุงูุุฌูุงุจ'
      ุจุนุฏ ุถุจุท ุงูุชุฑููู:    'ุณุคุงูุ ุฌูุงุจ'
   'ุฃููุงู ุ ุซุงููุงู ุ ุซุงูุซุงู'
      ุจุนุฏ ุชูุญูุฏ ุงููุณุงูุงุช: 'ุฃููุงู ุ ุซุงููุงู ุ ุซุงูุซุงู'
      ุจุนุฏ ุถุจุท ุงูุชุฑููู:    'ุฃููุงูุ ุซุงููุงูุ ุซุงูุซุงู'

======================================================================
๐ง ุงููุนุงูุฌุฉ ุงููุณุจูุฉ: ุชุตููุฉ ุงูุฌูู ุงููุตูุฑุฉ/ุงููุงุฑุบุฉ
======================================================================
ุงูุญุฏ ุงูุฃุฏูู ูููููุงุช: 3
ุญุงูุงุช ุงูุงุฎุชุจุงุฑ:
   '' -> โ ุบูุฑ ุตุงูุญ
   'ูุนู' -> โ ุบูุฑ ุตุงูุญ
   'ุฃ' -> โ ุบูุฑ ุตุงูุญ
   'ูุนู ูุง' -> โ ุบูุฑ ุตุงูุญ
   'ูุฐุง ูุต ุตุญูุญ ูููุจูู' -> โ ุตุงูุญ
   '   ' -> โ ุบูุฑ ุตุงูุญ
   '1.' -> โ ุบูุฑ ุตุงูุญ
   'ูุต ูุตูุฑ ุฌุฏุง' -> โ ุตุงูุญ

======================================================================
๐ง ุงููุนุงูุฌุฉ ุงููุณุจูุฉ: ูุนุงูุฌุฉ ุงูุฌูู ุงูุทูููุฉ
======================================================================
ุงูุทูู ุงูุฃุตูู: 150 ูููุฉ
ุจุนุฏ ุงููุต: 100 ูููุฉ
ููุชูู ุจู: 'ูููุฉ ูููุฉ.'

ุชู ุงูุชูุณูู ุฅูู 10 ููุทุน:
   ุงูููุทุน 1: 26 ูููุฉ
   ุงูููุทุน 2: 26 ูููุฉ
   ุงูููุทุน 3: 26 ูููุฉ

======================================================================
๐ง ุงุฎุชูุงุฑู: ูุตู ูุงู ุงูุนุทู
======================================================================
ุญุงูุงุช ุงูุงุฎุชุจุงุฑ:
   'ููุงู ุงูุฑุฌู'
   -> 'ู ูุงู ุงูุฑุฌู'
   'ูุงูุฃูู ุงููุชุญุฏุฉ'
   -> 'ู ุงูุฃูู ุงููุชุญุฏุฉ'
   'ููู ูุฐุง ุงูุตุฏุฏ'
   -> 'ููู ูุฐุง ุงูุตุฏุฏ'
   'ููุช ุงูุงุฌุชูุงุน'
   -> 'ููุช ุงูุงุฌุชูุงุน'
   'ูุซููุฉ ูููุฉ'
   -> 'ูุซููุฉ ูููุฉ'
   'ูุงูุชูููุฉ ุงููุณุชุฏุงูุฉ'
   -> 'ู ุงูุชูููุฉ ุงููุณุชุฏุงูุฉ'
   'ููู ูุนูู'
   -> 'ููู ูุนูู'

======================================================================
๐ง ุงุฎุชูุงุฑู: ุงูุชุนุงูู ูุน ูููุงุช ุงูุชููู
======================================================================
ุญุงูุงุช ุงูุงุฎุชุจุงุฑ:
   ุงูุฃุตู:   'ููู ูุฐุง ุงูุตุฏุฏ'
   ูููุฒุฉ:   'ููู<SW> ูุฐุง<SW> ุงูุตุฏุฏ'
   ูุญุฐููุฉ:  'ุงูุตุฏุฏ'
   ุงูุฃุตู:   'ูู ุฃุฌู ุงูุชูููุฉ'
   ูููุฒุฉ:   'ูู<SW> ุฃุฌู ุงูุชูููุฉ'
   ูุญุฐููุฉ:  'ุฃุฌู ุงูุชูููุฉ'
   ุงูุฃุตู:   'ุงูุฃูู ุงููุชุญุฏุฉ ูู ููุธูุฉ ุฏูููุฉ'
   ูููุฒุฉ:   'ุงูุฃูู ุงููุชุญุฏุฉ ูู<SW> ููุธูุฉ ุฏูููุฉ'
   ูุญุฐููุฉ:  'ุงูุฃูู ุงููุชุญุฏุฉ ููุธูุฉ ุฏูููุฉ'

======================================================================
๐ง ุงุฎุชูุงุฑู: ุงุณุชุจุฏุงู ุงูุฃุฑูุงู ุจุฑูุฒ
======================================================================
ุญุงูุงุช ุงูุงุฎุชุจุงุฑ:
   'ูู ุนุงู ูขููขูค'
   -> 'ูู ุนุงู <NUM>'
   'ูุจูุบ ูกููููู ุฏููุงุฑ'
   -> 'ูุจูุบ <NUM> ุฏููุงุฑ'
   'ูู ูฅ ุฅูู ูกู ุณููุงุช'
   -> 'ูู <NUM> ุฅูู <NUM> ุณููุงุช'
   'ุงููุฑุงุฑ ุฑูู ูคูง/ูกูขูฃ'
   -> 'ุงููุฑุงุฑ ุฑูู <NUM>/<NUM>'

======================================================================
๐ง ุงุฎุชูุงุฑู: ูุนุงูุฌุฉ ุงููููุงุช ุงููุงุฏุฑุฉ
======================================================================
ุจูุงุก ุงููุงููุณ ุนูููุฉ ููููุฉ ุญุณุงุจูุงู.
ูู ุงูุฅูุชุงุฌุ ูุฌุจ ุจูุงุก ุงููุงููุณ ูุฑุฉ ูุงุญุฏุฉ ูุญูุธู.

ูุซุงู ุงูุงุณุชุฎุฏุงู:
   vocab = build_vocabulary(dataset_dir, sample_size=1000000)
   text = replace_rare_words(text, vocab, threshold=5)

======================================================================
๐ง ุงุฎุชูุงุฑู: ุชุณููุฉ ุทูู ุงูุฌูู
======================================================================
ุงูุฃุตู: 12 ูููุฉ
ุชู ุงูุชูุณูู ุฅูู 4 ุฃุฌุฒุงุก:
   ุงูุฌุฒุก 1: 'ูุฐุง ูุต ุทููู ูุญุชูู ุนูู'
   ุงูุฌุฒุก 2: 'ูุญุชูู ุนูู ุงูุนุฏูุฏ ูู ุงููููุงุช'
   ุงูุฌุฒุก 3: 'ูู ุงููููุงุช ุงูุชู ุชุญุชุงุฌ ุฅูู'
   ุงูุฌุฒุก 4: 'ุชุญุชุงุฌ ุฅูู ูุนุงูุฌุฉ'

======================================================================
๐ง ุงุฎุชูุงุฑู: ุงูุชุนุงูู ูุน ุงููุตุทูุญุงุช ุงูุฃุฌูุจูุฉ
======================================================================
ุญุงูุงุช ุงูุงุฎุชุจุงุฑ:
   ุงูุฃุตู:      'ุงููุซููุฉ A/47/10 ุงููุคุฑุฎุฉ'
   ุฅุฒุงูุฉ ูุฑุงุฌุน:'ุงููุซููุฉ  ุงููุคุฑุฎุฉ'
   ุงุณุชุจุฏุงู:    'ุงููุซููุฉ A/47/10 ุงููุคุฑุฎุฉ'
   ุงูุฃุตู:      'ุจุฑูุงูุฌ UNDP ููุชูููุฉ'
   ุฅุฒุงูุฉ ูุฑุงุฌุน:'ุจุฑูุงูุฌ UNDP ููุชูููุฉ'
   ุงุณุชุจุฏุงู:    'ุจุฑูุงูุฌ <FOREIGN> ููุชูููุฉ'
   ุงูุฃุตู:      'ูุฑุงุฑ ูุฌูุณ ุงูุฃูู S/RES/1234'
   ุฅุฒุงูุฉ ูุฑุงุฌุน:'ูุฑุงุฑ ูุฌูุณ ุงูุฃูู '
   ุงุณุชุจุฏุงู:    'ูุฑุงุฑ ูุฌูุณ ุงูุฃูู S/<FOREIGN>/1234'
โ ุชู ุชููุฆุฉ ุงููุนุงูุฌ!

======================================================================
๐งช ุงุฎุชุจุงุฑ ุฎุท ุงูุฃูุงุจูุจ ุงููุงูู
======================================================================
ูุนุงูุฌุฉ ุญุงูุงุช ุงูุงุฎุชุจุงุฑ:

ุงูุงุฎุชุจุงุฑ 1:
   ุงูุฏุฎู:  'ุงูุฃููููู ุงูููุชููุญูุฏูุฉ ููููุธููููุฉ ุฏููููููููุฉ.'
   ุงูุฎุฑุฌ:  'ุงูุงูู ุงููุชุญุฏุฉ ููุธูุฉ ุฏูููุฉ.'

ุงูุงุฎุชุจุงุฑ 2:
   ุงูุฏุฎู:  'ุฃููุงู, ุซุงููุงู; ุซุงูุซุงู?'
   ุงูุฎุฑุฌ:  'ุงููุงุ ุซุงููุงุ ุซุงูุซุงุ'

ุงูุงุฎุชุจุงุฑ 3:
   ุงูุฏุฎู:  'ุฃุญูุฏ ูุฅุจุฑุงููู ูุขุฏู'
   ุงูุฎุฑุฌ:  'ุงุญูุฏ ูุงุจุฑุงููู ูุงุฏู'

ุงูุงุฎุชุจุงุฑ 4:
   ุงูุฏุฎู:  'ูู ุนุงู 2024 ูุตู ุงูุนุฏุฏ ุฅูู 100'
   ุงูุฎุฑุฌ:  'ูู ุนุงู ูขููขูค ูุตู ุงูุนุฏุฏ ุงูู ูกูู'

ุงูุงุฎุชุจุงุฑ 5:
   ุงูุฏุฎู:  'ุงููุซููุฉ A/47/10 ูุงููุฑุงุฑ UNDP/2024'
   ุงูุฎุฑุฌ:  'ุงููุซููุฉ ูคูงูกู ูุงููุฑุงุฑ ูขููขูค'

ุงูุงุฎุชุจุงุฑ 6:
   ุงูุฏุฎู:  'ูุงุฐุงุุุ ูุฐุง ุตุญูุญ...'
   ุงูุฎุฑุฌ:  'ูุงุฐุงุ ูุฐุง ุตุญูุญ.'

ุงูุงุฎุชุจุงุฑ 7:
   ุงูุฏุฎู:  'ุงููุต   ูุน    ูุณุงูุงุช   ูุซูุฑุฉ'
   ุงูุฎุฑุฌ:  'ุงููุต ูุน ูุณุงูุงุช ูุซูุฑุฉ'

ุงูุงุฎุชุจุงุฑ 8:
   ุงูุฏุฎู:  'ูุนู'
   ุงูุฎุฑุฌ:  [ุชูุช ุงูุชุตููุฉ]

ุงูุงุฎุชุจุงุฑ 9:
   ุงูุฏุฎู:  'ููููุงูู ุฃุญูุฏ: ูุฐุง ููููููู ุฌูุฏููุงู,, ูุงููู!!'
   ุงูุฎุฑุฌ:  'ููุงู ุงุญูุฏ: ูุฐุง ููู ุฌุฏุงุ ูุงููู!'


======================================================================
โก ุชูููุฐ ุฎุท ุฃูุงุจูุจ ุงููุนุงูุฌุฉ
======================================================================

======================================================================
๐ ุชุดุบูู ุฎุท ุฃูุงุจูุจ ุงููุนุงูุฌุฉ
======================================================================

--- ุงููุชุบูุฑ 1: ุงููุนุงูุฌุฉ ุงูุฅูุฒุงููุฉ ููุท ---

======================================================================
๐ ูุนุงูุฌุฉ ูุฌููุนุฉ ุงูุจูุงูุงุช
======================================================================
ุงููุฏุฎูุงุช: ../SSAC-UNPC
ุงููุฎุฑุฌุงุช: preprocessed_data_ar\mandatory_only.txt
ุชุทุจูู ุงูุงุฎุชูุงุฑู: False
ูุนุงูุฌุฉ ุนููุฉ ูู 100,000 ุณุทุฑ

======================================================================
๐ ุฅุญุตุงุฆูุงุช ุงููุนุงูุฌุฉ
======================================================================
ุฃุณุทุฑ ุงููุฏุฎูุงุช:  100,000
ุฃุณุทุฑ ุงููุฎุฑุฌุงุช:  96,756
ูุณุจุฉ ุงูุฅุจูุงุก:   96.76%

--- ุฅุญุตุงุฆูุงุช ุงูุชุตููุฉ ---
ุฃุณุทุฑ ูุงุฑุบุฉ ูุญุฐููุฉ:     0
ุฃุณุทุฑ ูุตูุฑุฉ ูุญุฐููุฉ:     3,244
ุฃุณุทุฑ ุทูููุฉ ููุตูุตุฉ:     771

--- ุฅุญุตุงุฆูุงุช ุงูุชุทุจูุน ---
ุชุดููู ูุญุฐูู:           1,091
ุฃูู ููุญุฏุฉ:             0
ุชุฑููู ููุญุฏ:            1,296
ุฃุฑูุงู ููุญุฏุฉ:           6,829
ูุงุชููู ูุญุฐูู:          6,906
OOV ูุญุฐูู:             32,548
ุชุฑููู ูุชุชุงุจุน ูุตูุญ:     11

--- ุงููุชุบูุฑ 2: ูุน ูุตู ุงููุงู ---

======================================================================
๐ ูุนุงูุฌุฉ ูุฌููุนุฉ ุงูุจูุงูุงุช
======================================================================
ุงููุฏุฎูุงุช: ../SSAC-UNPC
ุงููุฎุฑุฌุงุช: preprocessed_data_ar\with_waw_separation.txt
ุชุทุจูู ุงูุงุฎุชูุงุฑู: True
ูุนุงูุฌุฉ ุนููุฉ ูู 100,000 ุณุทุฑ

======================================================================
๐ ุฅุญุตุงุฆูุงุช ุงููุนุงูุฌุฉ
======================================================================
ุฃุณุทุฑ ุงููุฏุฎูุงุช:  100,000
ุฃุณุทุฑ ุงููุฎุฑุฌุงุช:  96,813
ูุณุจุฉ ุงูุฅุจูุงุก:   96.81%

--- ุฅุญุตุงุฆูุงุช ุงูุชุตููุฉ ---
ุฃุณุทุฑ ูุงุฑุบุฉ ูุญุฐููุฉ:     0
ุฃุณุทุฑ ูุตูุฑุฉ ูุญุฐููุฉ:     3,187
ุฃุณุทุฑ ุทูููุฉ ููุตูุตุฉ:     946

--- ุฅุญุตุงุฆูุงุช ุงูุชุทุจูุน ---
ุชุดููู ูุญุฐูู:           1,091
ุฃูู ููุญุฏุฉ:             0
ุชุฑููู ููุญุฏ:            1,296
ุฃุฑูุงู ููุญุฏุฉ:           6,829
ูุงุชููู ูุญุฐูู:          6,906
OOV ูุญุฐูู:             32,548
ุชุฑููู ูุชุชุงุจุน ูุตูุญ:     11

--- ุงููุชุบูุฑ 3: ูุน ุฑููุฒ ุงูุฃุฑูุงู ---

======================================================================
๐ ูุนุงูุฌุฉ ูุฌููุนุฉ ุงูุจูุงูุงุช
======================================================================
ุงููุฏุฎูุงุช: ../SSAC-UNPC
ุงููุฎุฑุฌุงุช: preprocessed_data_ar\with_number_tokens.txt
ุชุทุจูู ุงูุงุฎุชูุงุฑู: True
ูุนุงูุฌุฉ ุนููุฉ ูู 100,000 ุณุทุฑ

======================================================================
๐ ุฅุญุตุงุฆูุงุช ุงููุนุงูุฌุฉ
======================================================================
ุฃุณุทุฑ ุงููุฏุฎูุงุช:  100,000
ุฃุณุทุฑ ุงููุฎุฑุฌุงุช:  96,414
ูุณุจุฉ ุงูุฅุจูุงุก:   96.41%

--- ุฅุญุตุงุฆูุงุช ุงูุชุตููุฉ ---
ุฃุณุทุฑ ูุงุฑุบุฉ ูุญุฐููุฉ:     0
ุฃุณุทุฑ ูุตูุฑุฉ ูุญุฐููุฉ:     3,586
ุฃุณุทุฑ ุทูููุฉ ููุตูุตุฉ:     714

--- ุฅุญุตุงุฆูุงุช ุงูุชุทุจูุน ---
ุชุดููู ูุญุฐูู:           1,091
ุฃูู ููุญุฏุฉ:             0
ุชุฑููู ููุญุฏ:            1,296
ุฃุฑูุงู ููุญุฏุฉ:           6,829
ูุงุชููู ูุญุฐูู:          6,906
OOV ูุญุฐูู:             32,548
ุชุฑููู ูุชุชุงุจุน ูุตูุญ:     11

--- ุงููุชุบูุฑ 4: ุงููุนุงูุฌุฉ ุงููุงููุฉ (ูู ุงูุฎูุงุฑุงุช) ---

======================================================================
๐ ูุนุงูุฌุฉ ูุฌููุนุฉ ุงูุจูุงูุงุช
======================================================================
ุงููุฏุฎูุงุช: ../SSAC-UNPC
ุงููุฎุฑุฌุงุช: preprocessed_data_ar\full_preprocessing.txt
ุชุทุจูู ุงูุงุฎุชูุงุฑู: True
ูุนุงูุฌุฉ ุนููุฉ ูู 100,000 ุณุทุฑ

======================================================================
๐ ุฅุญุตุงุฆูุงุช ุงููุนุงูุฌุฉ
======================================================================
ุฃุณุทุฑ ุงููุฏุฎูุงุช:  100,000
ุฃุณุทุฑ ุงููุฎุฑุฌุงุช:  96,486
ูุณุจุฉ ุงูุฅุจูุงุก:   96.49%

--- ุฅุญุตุงุฆูุงุช ุงูุชุตููุฉ ---
ุฃุณุทุฑ ูุงุฑุบุฉ ูุญุฐููุฉ:     0
ุฃุณุทุฑ ูุตูุฑุฉ ูุญุฐููุฉ:     3,514
ุฃุณุทุฑ ุทูููุฉ ููุตูุตุฉ:     867

--- ุฅุญุตุงุฆูุงุช ุงูุชุทุจูุน ---
ุชุดููู ูุญุฐูู:           1,091
ุฃูู ููุญุฏุฉ:             0
ุชุฑููู ููุญุฏ:            1,296
ุฃุฑูุงู ููุญุฏุฉ:           6,829
ูุงุชููู ูุญุฐูู:          6,906
OOV ูุญุฐูู:             32,548
ุชุฑููู ูุชุชุงุจุน ูุตูุญ:     11

======================================================================
โ ุชูุช ุงููุนุงูุฌุฉ
======================================================================
ุชู ุญูุธ ุงููููุงุช ูู: preprocessed_data_ar
ุงููููุงุช ุงูุชู ุชู ุฅูุดุงุคูุง:
   1. mandatory_only.txt
   2. with_waw_separation.txt
   3. with_number_tokens.txt
   4. full_preprocessing.txt

======================================================================
๐ ูุญุต ูุง ุจุนุฏ ุงููุนุงูุฌุฉ
======================================================================
ุฌุงุฑู ูุญุต: preprocessed_data_ar\mandatory_only.txt

--- ุฅุญุตุงุฆูุงุช ุฃุณุงุณูุฉ ---
ุฅุฌูุงูู ุงูุฃุณุทุฑ: 50,000
ุฅุฌูุงูู ุงููููุงุช: 1,355,722
ุฅุฌูุงูู ุงูุญุฑูู: 8,304,590
ูุชูุณุท ุงููููุงุช/ุณุทุฑ: 27.11
ุงูุญุฏ ุงูุฃุฏูู: 3
ุงูุญุฏ ุงูุฃูุตู: 122

--- ูุญุต ุงููุดููุงุช ุงููุชุจููุฉ ---
โ๏ธ  ุชุญุฐูุฑ: ุชู ุงูุนุซูุฑ ุนูู 124 ูุดููุฉ ูุญุชููุฉ:
   consecutive_punct: 124 ุณุทุฑ

--- ุชูุฒูุน ุงูุชุฑููู ---
   'ุ' (ูุงุตูุฉ ุนุฑุจูุฉ): 69,042
   '.' (ููุทุฉ): 49,973
   'ุ' (ูุงุตูุฉ ููููุทุฉ ุนุฑุจูุฉ): 6,760
   ':' (ููุทุชุงู ุฑุฃุณูุชุงู): 1,724
   'ุ' (ุนูุงูุฉ ุงุณุชููุงู ุนุฑุจูุฉ): 68
   '!' (ุนูุงูุฉ ุชุนุฌุจ): 3

--- ุนููุฉ ุฃุณุทุฑ ---
   1. ูฃ ูุนููุง ุจุทูุจ ุงูุฌูุนูุฉ ุงูุนุงูุฉ ุงููุงุฑุฏ ูู ุงูููุฑุฉ ูฅ ูู ุงููุฑุงุฑ ุงููุฐููุฑ ุงุนูุงูุ ูุฌู ุงูุงู...
   2. )ูก( ุงููุซุงุฆู ุงูุฑุณููุฉ ููุฌูุนูุฉ ุงูุนุงูุฉุ ุงูุฏูุฑุฉ ุงูุณุงุจุนุฉ ูุงูุงุฑุจุนููุ ุงูููุญู ุฑูู ูกู (ูคูงูก...
   3. )ูข( ูุชุฑุฏ ุงูุถุง ุงูุงุดุงุฑุงุช ุงูู ูุณุงูุฉ ุงูุดุงุก ูุถุงุก ุฌูุงุฆู ุฏููู ูู ุงููุซููุฉ.
   4. ูกุ ุงููุณุชูุณุฎ ูููุง ุงูุชุนูููุงุช ูุงูููุงุญุธุงุช ุงูููุฏูุฉ ูู ุงูุญูููุงุช ุจุดุงู ูุดุฑูุน ูุฏููุฉ ุงูุฌุฑุง...
   5. ูก ุชูุฏู ุงุณุชุฑุงููุง ุงูุชุนูููุงุช ุงูุชุงููุฉ ุนูู ุชูุฑูุฑ ุงููุฑูู ุงูุนุงูู ุงููุนูู ุจูุณุงูุฉ ุงูุดุงุก ูุถ...

======================================================================
๐ ููุฎุต ุงููุนุงูุฌุฉ ูุงูุชูุตูุงุช
======================================================================

======================================================================
๐ท๏ธ ูุซุงู ุชูููุฏ ุงูุชุตูููุงุช
======================================================================
ุฎุฑูุทุฉ ุงูุชุตูููุงุช:
   0: ูุง ุชุฑููู (O)
   1: ููุทุฉ (.)
   2: ูุงุตูุฉ (ุ)
   3: ุงุณุชููุงู (ุ)
   4: ูุงุตูุฉ ููููุทุฉ (ุ)
   5: ููุทุชุงู (:)
   6: ุชุนุฌุจ (!)

ุงููุต: ูุฐุง ูุต ุนุฑุจูุ ูุญุชูู ุนูู ุนูุงูุงุช ุชุฑููู.
ุงููููุงุช: ['ูุฐุง', 'ูุต', 'ุนุฑุจูุ', 'ูุญุชูู', 'ุนูู', 'ุนูุงูุงุช', 'ุชุฑููู']
ุงูุชุตูููุงุช: [0, 0, 0, 0, 0, 0, 1]

ุงููุต: ูุง ูู ุงูุณุคุงูุ
ุงููููุงุช: ['ูุง', 'ูู', 'ุงูุณุคุงูุ']
ุงูุชุตูููุงุช: [0, 0, 0]

ุงููุต: ุฃููุงูุ ุซุงููุงูุ ุซุงูุซุงู.
ุงููููุงุช: ['ุฃููุงูุ', 'ุซุงููุงูุ', 'ุซุงูุซุงู']
ุงูุชุตูููุงุช: [0, 0, 1]


======================================================================
โ ุงูุชูู ุฏูุชุฑ ุงููุนุงูุฌุฉ ุงููุณุจูุฉ
======================================================================
ุชู ุชุนุฑูู ุฌููุน ุฏูุงู ูุฎุทูุงุช ุงููุนุงูุฌุฉ.
ุดุบู ุงูุฎุท ุงููุงูู ุจูุถุน EXECUTE_FULL_PIPELINE = True ููุนุงูุฌุฉ ูุงูู ุงูุจูุงูุงุช.
